{"/Users/kasia/Springboard/Capstone_2/Capstone2/frontend/src/App.jsx": {"path":"/Users/kasia/Springboard/Capstone_2/Capstone2/frontend/src/App.jsx","all":false,"statementMap":{"0":{"start":{"line":1,"column":0},"end":{"line":1,"column":51}},"1":{"start":{"line":2,"column":0},"end":{"line":2,"column":19}},"2":{"start":{"line":3,"column":0},"end":{"line":3,"column":30}},"3":{"start":{"line":4,"column":0},"end":{"line":4,"column":24}},"4":{"start":{"line":5,"column":0},"end":{"line":5,"column":29}},"5":{"start":{"line":6,"column":0},"end":{"line":6,"column":64}},"6":{"start":{"line":7,"column":0},"end":{"line":7,"column":64}},"7":{"start":{"line":8,"column":0},"end":{"line":8,"column":39}},"8":{"start":{"line":9,"column":0},"end":{"line":9,"column":69}},"9":{"start":{"line":10,"column":0},"end":{"line":10,"column":69}},"10":{"start":{"line":11,"column":0},"end":{"line":11,"column":0}},"11":{"start":{"line":12,"column":0},"end":{"line":12,"column":16}},"12":{"start":{"line":13,"column":0},"end":{"line":13,"column":33}},"13":{"start":{"line":14,"column":0},"end":{"line":14,"column":0}},"14":{"start":{"line":15,"column":0},"end":{"line":15,"column":51}},"15":{"start":{"line":16,"column":0},"end":{"line":16,"column":58}},"16":{"start":{"line":17,"column":0},"end":{"line":17,"column":0}},"17":{"start":{"line":18,"column":0},"end":{"line":18,"column":37}},"18":{"start":{"line":19,"column":0},"end":{"line":19,"column":9}},"19":{"start":{"line":20,"column":0},"end":{"line":20,"column":58}},"20":{"start":{"line":21,"column":0},"end":{"line":21,"column":32}},"21":{"start":{"line":22,"column":0},"end":{"line":22,"column":31}},"22":{"start":{"line":23,"column":0},"end":{"line":23,"column":19}},"23":{"start":{"line":24,"column":0},"end":{"line":24,"column":37}},"24":{"start":{"line":25,"column":0},"end":{"line":25,"column":5}},"25":{"start":{"line":26,"column":0},"end":{"line":26,"column":3}},"26":{"start":{"line":27,"column":0},"end":{"line":27,"column":0}},"27":{"start":{"line":28,"column":0},"end":{"line":28,"column":34}},"28":{"start":{"line":29,"column":0},"end":{"line":29,"column":9}},"29":{"start":{"line":30,"column":0},"end":{"line":30,"column":55}},"30":{"start":{"line":31,"column":0},"end":{"line":31,"column":32}},"31":{"start":{"line":32,"column":0},"end":{"line":32,"column":31}},"32":{"start":{"line":33,"column":0},"end":{"line":33,"column":19}},"33":{"start":{"line":34,"column":0},"end":{"line":34,"column":37}},"34":{"start":{"line":35,"column":0},"end":{"line":35,"column":5}},"35":{"start":{"line":36,"column":0},"end":{"line":36,"column":3}},"36":{"start":{"line":37,"column":0},"end":{"line":37,"column":0}},"37":{"start":{"line":38,"column":0},"end":{"line":38,"column":25}},"38":{"start":{"line":39,"column":0},"end":{"line":39,"column":27}},"39":{"start":{"line":40,"column":0},"end":{"line":40,"column":24}},"40":{"start":{"line":41,"column":0},"end":{"line":41,"column":3}},"41":{"start":{"line":42,"column":0},"end":{"line":42,"column":0}},"42":{"start":{"line":43,"column":0},"end":{"line":43,"column":19}},"43":{"start":{"line":44,"column":0},"end":{"line":44,"column":40}},"44":{"start":{"line":45,"column":0},"end":{"line":45,"column":26}},"45":{"start":{"line":46,"column":0},"end":{"line":46,"column":13}},"46":{"start":{"line":47,"column":0},"end":{"line":47,"column":5}},"47":{"start":{"line":48,"column":0},"end":{"line":48,"column":37}},"48":{"start":{"line":49,"column":0},"end":{"line":49,"column":56}},"49":{"start":{"line":50,"column":0},"end":{"line":50,"column":14}},"50":{"start":{"line":51,"column":0},"end":{"line":51,"column":0}},"51":{"start":{"line":52,"column":0},"end":{"line":52,"column":50}},"52":{"start":{"line":53,"column":0},"end":{"line":53,"column":0}},"53":{"start":{"line":54,"column":0},"end":{"line":54,"column":10}},"54":{"start":{"line":55,"column":0},"end":{"line":55,"column":56}},"55":{"start":{"line":56,"column":0},"end":{"line":56,"column":13}},"56":{"start":{"line":57,"column":0},"end":{"line":57,"column":35}},"57":{"start":{"line":58,"column":0},"end":{"line":58,"column":29}},"58":{"start":{"line":59,"column":0},"end":{"line":59,"column":31}},"59":{"start":{"line":60,"column":0},"end":{"line":60,"column":8}},"60":{"start":{"line":61,"column":0},"end":{"line":61,"column":59}},"61":{"start":{"line":62,"column":0},"end":{"line":62,"column":10}},"62":{"start":{"line":63,"column":0},"end":{"line":63,"column":4}},"63":{"start":{"line":64,"column":0},"end":{"line":64,"column":1}},"64":{"start":{"line":65,"column":0},"end":{"line":65,"column":0}},"65":{"start":{"line":66,"column":0},"end":{"line":66,"column":19}}},"s":{"0":1,"1":1,"2":1,"3":1,"4":1,"5":1,"6":1,"7":1,"8":1,"9":1,"10":1,"11":86,"12":86,"13":86,"14":86,"15":86,"16":86,"17":86,"18":0,"19":0,"20":0,"21":0,"22":0,"23":0,"24":0,"25":0,"26":86,"27":86,"28":0,"29":0,"30":0,"31":0,"32":0,"33":0,"34":0,"35":0,"36":86,"37":86,"38":0,"39":0,"40":0,"41":86,"42":86,"43":33,"44":33,"45":33,"46":33,"47":0,"48":0,"49":86,"50":86,"51":86,"52":86,"53":86,"54":86,"55":86,"56":86,"57":86,"58":86,"59":86,"60":86,"61":86,"62":86,"63":86,"64":1,"65":1},"branchMap":{"0":{"type":"branch","line":12,"loc":{"start":{"line":12,"column":0},"end":{"line":64,"column":1}},"locations":[{"start":{"line":12,"column":0},"end":{"line":64,"column":1}}]},"1":{"type":"branch","line":55,"loc":{"start":{"line":55,"column":25},"end":{"line":55,"column":45}},"locations":[{"start":{"line":55,"column":25},"end":{"line":55,"column":45}}]},"2":{"type":"branch","line":55,"loc":{"start":{"line":55,"column":36},"end":{"line":55,"column":53}},"locations":[{"start":{"line":55,"column":36},"end":{"line":55,"column":53}}]},"3":{"type":"branch","line":43,"loc":{"start":{"line":43,"column":12},"end":{"line":50,"column":5}},"locations":[{"start":{"line":43,"column":12},"end":{"line":50,"column":5}}]},"4":{"type":"branch","line":44,"loc":{"start":{"line":44,"column":9},"end":{"line":44,"column":39}},"locations":[{"start":{"line":44,"column":9},"end":{"line":44,"column":39}}]},"5":{"type":"branch","line":47,"loc":{"start":{"line":47,"column":4},"end":{"line":49,"column":56}},"locations":[{"start":{"line":47,"column":4},"end":{"line":49,"column":56}}]}},"b":{"0":[86],"1":[12],"2":[66],"3":[33],"4":[0],"5":[0]},"fnMap":{"0":{"name":"App","decl":{"start":{"line":12,"column":0},"end":{"line":64,"column":1}},"loc":{"start":{"line":12,"column":0},"end":{"line":64,"column":1}},"line":12},"1":{"name":"registerUser","decl":{"start":{"line":18,"column":2},"end":{"line":26,"column":3}},"loc":{"start":{"line":18,"column":2},"end":{"line":26,"column":3}},"line":18},"2":{"name":"logInUser","decl":{"start":{"line":28,"column":2},"end":{"line":36,"column":3}},"loc":{"start":{"line":28,"column":2},"end":{"line":36,"column":3}},"line":28},"3":{"name":"logOutUser","decl":{"start":{"line":38,"column":2},"end":{"line":41,"column":3}},"loc":{"start":{"line":38,"column":2},"end":{"line":41,"column":3}},"line":38}},"f":{"0":86,"1":0,"2":0,"3":0}}
,"/Users/kasia/Springboard/Capstone_2/Capstone2/frontend/src/CreateRoute.jsx": {"path":"/Users/kasia/Springboard/Capstone_2/Capstone2/frontend/src/CreateRoute.jsx","all":false,"statementMap":{"0":{"start":{"line":1,"column":0},"end":{"line":1,"column":51}},"1":{"start":{"line":2,"column":0},"end":{"line":2,"column":52}},"2":{"start":{"line":3,"column":0},"end":{"line":3,"column":42}},"3":{"start":{"line":4,"column":0},"end":{"line":4,"column":56}},"4":{"start":{"line":5,"column":0},"end":{"line":5,"column":36}},"5":{"start":{"line":6,"column":0},"end":{"line":6,"column":42}},"6":{"start":{"line":7,"column":0},"end":{"line":7,"column":42}},"7":{"start":{"line":8,"column":0},"end":{"line":8,"column":52}},"8":{"start":{"line":9,"column":0},"end":{"line":9,"column":44}},"9":{"start":{"line":10,"column":0},"end":{"line":10,"column":50}},"10":{"start":{"line":11,"column":0},"end":{"line":11,"column":62}},"11":{"start":{"line":12,"column":0},"end":{"line":12,"column":64}},"12":{"start":{"line":13,"column":0},"end":{"line":13,"column":62}},"13":{"start":{"line":14,"column":0},"end":{"line":14,"column":28}},"14":{"start":{"line":15,"column":0},"end":{"line":15,"column":44}},"15":{"start":{"line":16,"column":0},"end":{"line":16,"column":40}},"16":{"start":{"line":17,"column":0},"end":{"line":17,"column":50}},"17":{"start":{"line":18,"column":0},"end":{"line":18,"column":53}},"18":{"start":{"line":19,"column":0},"end":{"line":19,"column":48}},"19":{"start":{"line":20,"column":0},"end":{"line":20,"column":40}},"20":{"start":{"line":21,"column":0},"end":{"line":21,"column":0}},"21":{"start":{"line":22,"column":0},"end":{"line":22,"column":24}},"22":{"start":{"line":23,"column":0},"end":{"line":23,"column":0}},"23":{"start":{"line":24,"column":0},"end":{"line":24,"column":52}},"24":{"start":{"line":25,"column":0},"end":{"line":25,"column":18}},"25":{"start":{"line":26,"column":0},"end":{"line":26,"column":23}},"26":{"start":{"line":27,"column":0},"end":{"line":27,"column":31}},"27":{"start":{"line":28,"column":0},"end":{"line":28,"column":26}},"28":{"start":{"line":29,"column":0},"end":{"line":29,"column":31}},"29":{"start":{"line":30,"column":0},"end":{"line":30,"column":4}},"30":{"start":{"line":31,"column":0},"end":{"line":31,"column":0}},"31":{"start":{"line":32,"column":0},"end":{"line":32,"column":22}},"32":{"start":{"line":33,"column":0},"end":{"line":33,"column":14}},"33":{"start":{"line":34,"column":0},"end":{"line":34,"column":14}},"34":{"start":{"line":35,"column":0},"end":{"line":35,"column":20}},"35":{"start":{"line":36,"column":0},"end":{"line":36,"column":17}},"36":{"start":{"line":37,"column":0},"end":{"line":37,"column":7}},"37":{"start":{"line":38,"column":0},"end":{"line":38,"column":4}},"38":{"start":{"line":39,"column":0},"end":{"line":39,"column":27}},"39":{"start":{"line":40,"column":0},"end":{"line":40,"column":42}},"40":{"start":{"line":41,"column":0},"end":{"line":41,"column":56}},"41":{"start":{"line":42,"column":0},"end":{"line":42,"column":18}},"42":{"start":{"line":43,"column":0},"end":{"line":43,"column":19}},"43":{"start":{"line":44,"column":0},"end":{"line":44,"column":5}},"44":{"start":{"line":45,"column":0},"end":{"line":45,"column":0}},"45":{"start":{"line":46,"column":0},"end":{"line":46,"column":34}},"46":{"start":{"line":47,"column":0},"end":{"line":47,"column":18}},"47":{"start":{"line":48,"column":0},"end":{"line":48,"column":22}},"48":{"start":{"line":49,"column":0},"end":{"line":49,"column":26}},"49":{"start":{"line":50,"column":0},"end":{"line":50,"column":4}},"50":{"start":{"line":51,"column":0},"end":{"line":51,"column":0}},"51":{"start":{"line":52,"column":0},"end":{"line":52,"column":35}},"52":{"start":{"line":53,"column":0},"end":{"line":53,"column":19}},"53":{"start":{"line":54,"column":0},"end":{"line":54,"column":23}},"54":{"start":{"line":55,"column":0},"end":{"line":55,"column":4}},"55":{"start":{"line":56,"column":0},"end":{"line":56,"column":0}},"56":{"start":{"line":57,"column":0},"end":{"line":57,"column":37}},"57":{"start":{"line":58,"column":0},"end":{"line":58,"column":0}},"58":{"start":{"line":59,"column":0},"end":{"line":59,"column":45}},"59":{"start":{"line":60,"column":0},"end":{"line":60,"column":37}},"60":{"start":{"line":61,"column":0},"end":{"line":61,"column":62}},"61":{"start":{"line":62,"column":0},"end":{"line":62,"column":4}},"62":{"start":{"line":63,"column":0},"end":{"line":63,"column":0}},"63":{"start":{"line":64,"column":0},"end":{"line":64,"column":40}},"64":{"start":{"line":65,"column":0},"end":{"line":65,"column":23}},"65":{"start":{"line":66,"column":0},"end":{"line":66,"column":0}},"66":{"start":{"line":67,"column":0},"end":{"line":67,"column":50}},"67":{"start":{"line":68,"column":0},"end":{"line":68,"column":52}},"68":{"start":{"line":69,"column":0},"end":{"line":69,"column":43}},"69":{"start":{"line":70,"column":0},"end":{"line":70,"column":44}},"70":{"start":{"line":71,"column":0},"end":{"line":71,"column":0}},"71":{"start":{"line":72,"column":0},"end":{"line":72,"column":56}},"72":{"start":{"line":73,"column":0},"end":{"line":73,"column":14}},"73":{"start":{"line":74,"column":0},"end":{"line":74,"column":31}},"74":{"start":{"line":75,"column":0},"end":{"line":75,"column":36}},"75":{"start":{"line":76,"column":0},"end":{"line":76,"column":35}},"76":{"start":{"line":77,"column":0},"end":{"line":77,"column":53}},"77":{"start":{"line":78,"column":0},"end":{"line":78,"column":56}},"78":{"start":{"line":79,"column":0},"end":{"line":79,"column":8}},"79":{"start":{"line":80,"column":0},"end":{"line":80,"column":7}},"80":{"start":{"line":81,"column":0},"end":{"line":81,"column":0}},"81":{"start":{"line":82,"column":0},"end":{"line":82,"column":9}},"82":{"start":{"line":83,"column":0},"end":{"line":83,"column":50}},"83":{"start":{"line":84,"column":0},"end":{"line":84,"column":22}},"84":{"start":{"line":85,"column":0},"end":{"line":85,"column":18}},"85":{"start":{"line":86,"column":0},"end":{"line":86,"column":19}},"86":{"start":{"line":87,"column":0},"end":{"line":87,"column":20}},"87":{"start":{"line":88,"column":0},"end":{"line":88,"column":8}},"88":{"start":{"line":89,"column":0},"end":{"line":89,"column":39}},"89":{"start":{"line":90,"column":0},"end":{"line":90,"column":40}},"90":{"start":{"line":91,"column":0},"end":{"line":91,"column":28}},"91":{"start":{"line":92,"column":0},"end":{"line":92,"column":63}},"92":{"start":{"line":93,"column":0},"end":{"line":93,"column":17}},"93":{"start":{"line":94,"column":0},"end":{"line":94,"column":70}},"94":{"start":{"line":95,"column":0},"end":{"line":95,"column":5}},"95":{"start":{"line":96,"column":0},"end":{"line":96,"column":4}},"96":{"start":{"line":97,"column":0},"end":{"line":97,"column":0}},"97":{"start":{"line":98,"column":0},"end":{"line":98,"column":36}},"98":{"start":{"line":99,"column":0},"end":{"line":99,"column":37}},"99":{"start":{"line":100,"column":0},"end":{"line":100,"column":38}},"100":{"start":{"line":101,"column":0},"end":{"line":101,"column":26}},"101":{"start":{"line":102,"column":0},"end":{"line":102,"column":15}},"102":{"start":{"line":103,"column":0},"end":{"line":103,"column":4}},"103":{"start":{"line":104,"column":0},"end":{"line":104,"column":0}},"104":{"start":{"line":105,"column":0},"end":{"line":105,"column":50}},"105":{"start":{"line":106,"column":0},"end":{"line":106,"column":29}},"106":{"start":{"line":107,"column":0},"end":{"line":107,"column":0}},"107":{"start":{"line":108,"column":0},"end":{"line":108,"column":34}},"108":{"start":{"line":109,"column":0},"end":{"line":109,"column":21}},"109":{"start":{"line":110,"column":0},"end":{"line":110,"column":19}},"110":{"start":{"line":111,"column":0},"end":{"line":111,"column":23}},"111":{"start":{"line":112,"column":0},"end":{"line":112,"column":6}},"112":{"start":{"line":113,"column":0},"end":{"line":113,"column":0}},"113":{"start":{"line":114,"column":0},"end":{"line":114,"column":32}},"114":{"start":{"line":115,"column":0},"end":{"line":115,"column":4}},"115":{"start":{"line":116,"column":0},"end":{"line":116,"column":0}},"116":{"start":{"line":117,"column":0},"end":{"line":117,"column":13}},"117":{"start":{"line":118,"column":0},"end":{"line":118,"column":12}},"118":{"start":{"line":119,"column":0},"end":{"line":119,"column":8}},"119":{"start":{"line":120,"column":0},"end":{"line":120,"column":38}},"120":{"start":{"line":121,"column":0},"end":{"line":121,"column":25}},"121":{"start":{"line":122,"column":0},"end":{"line":122,"column":17}},"122":{"start":{"line":123,"column":0},"end":{"line":123,"column":17}},"123":{"start":{"line":124,"column":0},"end":{"line":124,"column":33}},"124":{"start":{"line":125,"column":0},"end":{"line":125,"column":28}},"125":{"start":{"line":126,"column":0},"end":{"line":126,"column":37}},"126":{"start":{"line":127,"column":0},"end":{"line":127,"column":35}},"127":{"start":{"line":128,"column":0},"end":{"line":128,"column":16}},"128":{"start":{"line":129,"column":0},"end":{"line":129,"column":14}},"129":{"start":{"line":130,"column":0},"end":{"line":130,"column":32}},"130":{"start":{"line":131,"column":0},"end":{"line":131,"column":26}},"131":{"start":{"line":132,"column":0},"end":{"line":132,"column":23}},"132":{"start":{"line":133,"column":0},"end":{"line":133,"column":11}},"133":{"start":{"line":134,"column":0},"end":{"line":134,"column":26}},"134":{"start":{"line":135,"column":0},"end":{"line":135,"column":54}},"135":{"start":{"line":136,"column":0},"end":{"line":136,"column":46}},"136":{"start":{"line":137,"column":0},"end":{"line":137,"column":37}},"137":{"start":{"line":138,"column":0},"end":{"line":138,"column":21}},"138":{"start":{"line":139,"column":0},"end":{"line":139,"column":38}},"139":{"start":{"line":140,"column":0},"end":{"line":140,"column":23}},"140":{"start":{"line":141,"column":0},"end":{"line":141,"column":50}},"141":{"start":{"line":142,"column":0},"end":{"line":142,"column":27}},"142":{"start":{"line":143,"column":0},"end":{"line":143,"column":27}},"143":{"start":{"line":144,"column":0},"end":{"line":144,"column":23}},"144":{"start":{"line":145,"column":0},"end":{"line":145,"column":0}},"145":{"start":{"line":146,"column":0},"end":{"line":146,"column":16}},"146":{"start":{"line":147,"column":0},"end":{"line":147,"column":30}},"147":{"start":{"line":148,"column":0},"end":{"line":148,"column":19}},"148":{"start":{"line":149,"column":0},"end":{"line":149,"column":66}},"149":{"start":{"line":150,"column":0},"end":{"line":150,"column":16}},"150":{"start":{"line":151,"column":0},"end":{"line":151,"column":32}},"151":{"start":{"line":152,"column":0},"end":{"line":152,"column":28}},"152":{"start":{"line":153,"column":0},"end":{"line":153,"column":36}},"153":{"start":{"line":154,"column":0},"end":{"line":154,"column":32}},"154":{"start":{"line":155,"column":0},"end":{"line":155,"column":35}},"155":{"start":{"line":156,"column":0},"end":{"line":156,"column":16}},"156":{"start":{"line":157,"column":0},"end":{"line":157,"column":13}},"157":{"start":{"line":158,"column":0},"end":{"line":158,"column":36}},"158":{"start":{"line":159,"column":0},"end":{"line":159,"column":22}},"159":{"start":{"line":160,"column":0},"end":{"line":160,"column":39}},"160":{"start":{"line":161,"column":0},"end":{"line":161,"column":34}},"161":{"start":{"line":162,"column":0},"end":{"line":162,"column":31}},"162":{"start":{"line":163,"column":0},"end":{"line":163,"column":20}},"163":{"start":{"line":164,"column":0},"end":{"line":164,"column":17}},"164":{"start":{"line":165,"column":0},"end":{"line":165,"column":27}},"165":{"start":{"line":166,"column":0},"end":{"line":166,"column":24}},"166":{"start":{"line":167,"column":0},"end":{"line":167,"column":16}},"167":{"start":{"line":168,"column":0},"end":{"line":168,"column":0}},"168":{"start":{"line":169,"column":0},"end":{"line":169,"column":24}},"169":{"start":{"line":170,"column":0},"end":{"line":170,"column":36}},"170":{"start":{"line":171,"column":0},"end":{"line":171,"column":24}},"171":{"start":{"line":172,"column":0},"end":{"line":172,"column":38}},"172":{"start":{"line":173,"column":0},"end":{"line":173,"column":28}},"173":{"start":{"line":174,"column":0},"end":{"line":174,"column":28}},"174":{"start":{"line":175,"column":0},"end":{"line":175,"column":32}},"175":{"start":{"line":176,"column":0},"end":{"line":176,"column":48}},"176":{"start":{"line":177,"column":0},"end":{"line":177,"column":47}},"177":{"start":{"line":178,"column":0},"end":{"line":178,"column":53}},"178":{"start":{"line":179,"column":0},"end":{"line":179,"column":16}},"179":{"start":{"line":180,"column":0},"end":{"line":180,"column":0}},"180":{"start":{"line":181,"column":0},"end":{"line":181,"column":24}},"181":{"start":{"line":182,"column":0},"end":{"line":182,"column":29}},"182":{"start":{"line":183,"column":0},"end":{"line":183,"column":35}},"183":{"start":{"line":184,"column":0},"end":{"line":184,"column":28}},"184":{"start":{"line":185,"column":0},"end":{"line":185,"column":33}},"185":{"start":{"line":186,"column":0},"end":{"line":186,"column":49}},"186":{"start":{"line":187,"column":0},"end":{"line":187,"column":53}},"187":{"start":{"line":188,"column":0},"end":{"line":188,"column":16}},"188":{"start":{"line":189,"column":0},"end":{"line":189,"column":0}},"189":{"start":{"line":190,"column":0},"end":{"line":190,"column":25}},"190":{"start":{"line":191,"column":0},"end":{"line":191,"column":57}},"191":{"start":{"line":192,"column":0},"end":{"line":192,"column":80}},"192":{"start":{"line":193,"column":0},"end":{"line":193,"column":56}},"193":{"start":{"line":194,"column":0},"end":{"line":194,"column":27}},"194":{"start":{"line":195,"column":0},"end":{"line":195,"column":21}},"195":{"start":{"line":196,"column":0},"end":{"line":196,"column":28}},"196":{"start":{"line":197,"column":0},"end":{"line":197,"column":28}},"197":{"start":{"line":198,"column":0},"end":{"line":198,"column":31}},"198":{"start":{"line":199,"column":0},"end":{"line":199,"column":34}},"199":{"start":{"line":200,"column":0},"end":{"line":200,"column":49}},"200":{"start":{"line":201,"column":0},"end":{"line":201,"column":15}},"201":{"start":{"line":202,"column":0},"end":{"line":202,"column":63}},"202":{"start":{"line":203,"column":0},"end":{"line":203,"column":23}},"203":{"start":{"line":204,"column":0},"end":{"line":204,"column":30}},"204":{"start":{"line":205,"column":0},"end":{"line":205,"column":37}},"205":{"start":{"line":206,"column":0},"end":{"line":206,"column":47}},"206":{"start":{"line":207,"column":0},"end":{"line":207,"column":16}},"207":{"start":{"line":208,"column":0},"end":{"line":208,"column":45}},"208":{"start":{"line":209,"column":0},"end":{"line":209,"column":74}},"209":{"start":{"line":210,"column":0},"end":{"line":210,"column":40}},"210":{"start":{"line":211,"column":0},"end":{"line":211,"column":62}},"211":{"start":{"line":212,"column":0},"end":{"line":212,"column":32}},"212":{"start":{"line":213,"column":0},"end":{"line":213,"column":29}},"213":{"start":{"line":214,"column":0},"end":{"line":214,"column":23}},"214":{"start":{"line":215,"column":0},"end":{"line":215,"column":28}},"215":{"start":{"line":216,"column":0},"end":{"line":216,"column":61}},"216":{"start":{"line":217,"column":0},"end":{"line":217,"column":43}},"217":{"start":{"line":218,"column":0},"end":{"line":218,"column":21}},"218":{"start":{"line":219,"column":0},"end":{"line":219,"column":28}},"219":{"start":{"line":220,"column":0},"end":{"line":220,"column":61}},"220":{"start":{"line":221,"column":0},"end":{"line":221,"column":36}},"221":{"start":{"line":222,"column":0},"end":{"line":222,"column":33}},"222":{"start":{"line":223,"column":0},"end":{"line":223,"column":29}},"223":{"start":{"line":224,"column":0},"end":{"line":224,"column":30}},"224":{"start":{"line":225,"column":0},"end":{"line":225,"column":20}},"225":{"start":{"line":226,"column":0},"end":{"line":226,"column":25}},"226":{"start":{"line":227,"column":0},"end":{"line":227,"column":38}},"227":{"start":{"line":228,"column":0},"end":{"line":228,"column":57}},"228":{"start":{"line":229,"column":0},"end":{"line":229,"column":19}},"229":{"start":{"line":230,"column":0},"end":{"line":230,"column":26}},"230":{"start":{"line":231,"column":0},"end":{"line":231,"column":27}},"231":{"start":{"line":232,"column":0},"end":{"line":232,"column":30}},"232":{"start":{"line":233,"column":0},"end":{"line":233,"column":16}},"233":{"start":{"line":234,"column":0},"end":{"line":234,"column":18}},"234":{"start":{"line":235,"column":0},"end":{"line":235,"column":19}},"235":{"start":{"line":236,"column":0},"end":{"line":236,"column":14}},"236":{"start":{"line":237,"column":0},"end":{"line":237,"column":9}},"237":{"start":{"line":238,"column":0},"end":{"line":238,"column":6}},"238":{"start":{"line":239,"column":0},"end":{"line":239,"column":3}},"239":{"start":{"line":240,"column":0},"end":{"line":240,"column":0}},"240":{"start":{"line":241,"column":0},"end":{"line":241,"column":10}},"241":{"start":{"line":242,"column":0},"end":{"line":242,"column":49}},"242":{"start":{"line":243,"column":0},"end":{"line":243,"column":11}},"243":{"start":{"line":244,"column":0},"end":{"line":244,"column":64}},"244":{"start":{"line":245,"column":0},"end":{"line":245,"column":12}},"245":{"start":{"line":246,"column":0},"end":{"line":246,"column":12}},"246":{"start":{"line":247,"column":0},"end":{"line":247,"column":4}},"247":{"start":{"line":248,"column":0},"end":{"line":248,"column":1}},"248":{"start":{"line":249,"column":0},"end":{"line":249,"column":0}},"249":{"start":{"line":250,"column":0},"end":{"line":250,"column":27}}},"s":{"0":1,"1":1,"2":1,"3":1,"4":1,"5":1,"6":1,"7":1,"8":1,"9":1,"10":1,"11":1,"12":1,"13":1,"14":1,"15":1,"16":1,"17":1,"18":1,"19":1,"20":1,"21":1,"22":1,"23":1,"24":36,"25":36,"26":36,"27":36,"28":36,"29":1,"30":1,"31":129,"32":129,"33":129,"34":129,"35":129,"36":129,"37":129,"38":129,"39":129,"40":129,"41":129,"42":129,"43":129,"44":129,"45":129,"46":10,"47":10,"48":10,"49":10,"50":129,"51":129,"52":0,"53":0,"54":0,"55":129,"56":129,"57":129,"58":129,"59":6,"60":6,"61":6,"62":129,"63":129,"64":1,"65":1,"66":1,"67":1,"68":1,"69":1,"70":1,"71":1,"72":2,"73":2,"74":2,"75":2,"76":2,"77":2,"78":2,"79":1,"80":1,"81":1,"82":1,"83":1,"84":1,"85":1,"86":1,"87":1,"88":1,"89":1,"90":1,"91":1,"92":1,"93":0,"94":0,"95":1,"96":129,"97":129,"98":1,"99":1,"100":1,"101":1,"102":1,"103":129,"104":129,"105":0,"106":0,"107":0,"108":0,"109":0,"110":0,"111":0,"112":0,"113":0,"114":0,"115":129,"116":129,"117":36,"118":36,"119":36,"120":36,"121":36,"122":36,"123":36,"124":36,"125":36,"126":36,"127":36,"128":36,"129":36,"130":36,"131":36,"132":36,"133":36,"134":36,"135":36,"136":0,"137":36,"138":36,"139":36,"140":36,"141":36,"142":36,"143":36,"144":36,"145":36,"146":36,"147":36,"148":36,"149":36,"150":36,"151":36,"152":36,"153":36,"154":1,"155":1,"156":36,"157":36,"158":1,"159":1,"160":1,"161":0,"162":0,"163":1,"164":1,"165":1,"166":36,"167":36,"168":36,"169":36,"170":36,"171":36,"172":36,"173":36,"174":36,"175":36,"176":36,"177":36,"178":36,"179":36,"180":36,"181":36,"182":36,"183":36,"184":36,"185":36,"186":36,"187":36,"188":36,"189":36,"190":36,"191":36,"192":36,"193":36,"194":36,"195":36,"196":36,"197":36,"198":36,"199":36,"200":36,"201":36,"202":36,"203":36,"204":36,"205":36,"206":36,"207":36,"208":11,"209":11,"210":4,"211":4,"212":4,"213":7,"214":7,"215":7,"216":7,"217":7,"218":7,"219":7,"220":7,"221":7,"222":7,"223":7,"224":11,"225":11,"226":11,"227":11,"228":11,"229":11,"230":11,"231":11,"232":36,"233":36,"234":36,"235":36,"236":36,"237":36,"238":36,"239":92,"240":92,"241":92,"242":92,"243":92,"244":92,"245":92,"246":92,"247":92,"248":1,"249":1},"branchMap":{"0":{"type":"branch","line":24,"loc":{"start":{"line":24,"column":35},"end":{"line":30,"column":2}},"locations":[{"start":{"line":24,"column":35},"end":{"line":30,"column":2}}]},"1":{"type":"branch","line":32,"loc":{"start":{"line":32,"column":0},"end":{"line":248,"column":1}},"locations":[{"start":{"line":32,"column":0},"end":{"line":248,"column":1}}]},"2":{"type":"branch","line":117,"loc":{"start":{"line":117,"column":12},"end":{"line":239,"column":3}},"locations":[{"start":{"line":117,"column":12},"end":{"line":239,"column":3}}]},"3":{"type":"branch","line":136,"loc":{"start":{"line":136,"column":37},"end":{"line":137,"column":37}},"locations":[{"start":{"line":136,"column":37},"end":{"line":137,"column":37}}]},"4":{"type":"branch","line":158,"loc":{"start":{"line":158,"column":30},"end":{"line":166,"column":24}},"locations":[{"start":{"line":158,"column":30},"end":{"line":166,"column":24}}]},"5":{"type":"branch","line":208,"loc":{"start":{"line":208,"column":39},"end":{"line":232,"column":30}},"locations":[{"start":{"line":208,"column":39},"end":{"line":232,"column":30}}]},"6":{"type":"branch","line":210,"loc":{"start":{"line":210,"column":35},"end":{"line":213,"column":29}},"locations":[{"start":{"line":210,"column":35},"end":{"line":213,"column":29}}]},"7":{"type":"branch","line":213,"loc":{"start":{"line":213,"column":20},"end":{"line":224,"column":30}},"locations":[{"start":{"line":213,"column":20},"end":{"line":224,"column":30}}]},"8":{"type":"branch","line":239,"loc":{"start":{"line":239,"column":2},"end":{"line":248,"column":1}},"locations":[{"start":{"line":239,"column":2},"end":{"line":248,"column":1}}]},"9":{"type":"branch","line":46,"loc":{"start":{"line":46,"column":27},"end":{"line":50,"column":4}},"locations":[{"start":{"line":46,"column":27},"end":{"line":50,"column":4}}]},"10":{"type":"branch","line":59,"loc":{"start":{"line":59,"column":37},"end":{"line":62,"column":4}},"locations":[{"start":{"line":59,"column":37},"end":{"line":62,"column":4}}]},"11":{"type":"branch","line":61,"loc":{"start":{"line":61,"column":22},"end":{"line":61,"column":60}},"locations":[{"start":{"line":61,"column":22},"end":{"line":61,"column":60}}]},"12":{"type":"branch","line":64,"loc":{"start":{"line":64,"column":26},"end":{"line":96,"column":4}},"locations":[{"start":{"line":64,"column":26},"end":{"line":96,"column":4}}]},"13":{"type":"branch","line":93,"loc":{"start":{"line":93,"column":4},"end":{"line":95,"column":5}},"locations":[{"start":{"line":93,"column":4},"end":{"line":95,"column":5}}]},"14":{"type":"branch","line":72,"loc":{"start":{"line":72,"column":44},"end":{"line":80,"column":5}},"locations":[{"start":{"line":72,"column":44},"end":{"line":80,"column":5}}]},"15":{"type":"branch","line":77,"loc":{"start":{"line":77,"column":40},"end":{"line":77,"column":53}},"locations":[{"start":{"line":77,"column":40},"end":{"line":77,"column":53}}]},"16":{"type":"branch","line":78,"loc":{"start":{"line":78,"column":47},"end":{"line":78,"column":56}},"locations":[{"start":{"line":78,"column":47},"end":{"line":78,"column":56}}]},"17":{"type":"branch","line":98,"loc":{"start":{"line":98,"column":28},"end":{"line":103,"column":4}},"locations":[{"start":{"line":98,"column":28},"end":{"line":103,"column":4}}]},"18":{"type":"branch","line":154,"loc":{"start":{"line":154,"column":24},"end":{"line":156,"column":16}},"locations":[{"start":{"line":154,"column":24},"end":{"line":156,"column":16}}]},"19":{"type":"branch","line":228,"loc":{"start":{"line":228,"column":29},"end":{"line":228,"column":57}},"locations":[{"start":{"line":228,"column":29},"end":{"line":228,"column":57}}]}},"b":{"0":[36],"1":[129],"2":[36],"3":[0],"4":[1],"5":[11],"6":[4],"7":[7],"8":[92],"9":[10],"10":[6],"11":[6],"12":[1],"13":[0],"14":[2],"15":[0],"16":[0],"17":[1],"18":[1],"19":[1]},"fnMap":{"0":{"name":"CreateRoute","decl":{"start":{"line":32,"column":0},"end":{"line":248,"column":1}},"loc":{"start":{"line":32,"column":0},"end":{"line":248,"column":1}},"line":32},"1":{"name":"handleDrawerOpen","decl":{"start":{"line":46,"column":27},"end":{"line":50,"column":4}},"loc":{"start":{"line":46,"column":27},"end":{"line":50,"column":4}},"line":46},"2":{"name":"handleDrawerClose","decl":{"start":{"line":52,"column":28},"end":{"line":55,"column":4}},"loc":{"start":{"line":52,"column":28},"end":{"line":55,"column":4}},"line":52},"3":{"name":"handleChangeRouteNameNotes","decl":{"start":{"line":59,"column":37},"end":{"line":62,"column":4}},"loc":{"start":{"line":59,"column":37},"end":{"line":62,"column":4}},"line":59},"4":{"name":"handleSaveRoute","decl":{"start":{"line":64,"column":26},"end":{"line":96,"column":4}},"loc":{"start":{"line":64,"column":26},"end":{"line":96,"column":4}},"line":64},"5":{"name":"handleCancelRoute","decl":{"start":{"line":98,"column":28},"end":{"line":103,"column":4}},"loc":{"start":{"line":98,"column":28},"end":{"line":103,"column":4}},"line":98},"6":{"name":"onDragEnd","decl":{"start":{"line":105,"column":20},"end":{"line":115,"column":4}},"loc":{"start":{"line":105,"column":20},"end":{"line":115,"column":4}},"line":105},"7":{"name":"onSubmit","decl":{"start":{"line":154,"column":24},"end":{"line":156,"column":16}},"loc":{"start":{"line":154,"column":24},"end":{"line":156,"column":16}},"line":154},"8":{"name":"onClose","decl":{"start":{"line":161,"column":27},"end":{"line":163,"column":20}},"loc":{"start":{"line":161,"column":27},"end":{"line":163,"column":20}},"line":161},"9":{"name":"onClick","decl":{"start":{"line":200,"column":25},"end":{"line":200,"column":49}},"loc":{"start":{"line":200,"column":25},"end":{"line":200,"column":49}},"line":200},"10":{"name":"onClick","decl":{"start":{"line":228,"column":29},"end":{"line":228,"column":57}},"loc":{"start":{"line":228,"column":29},"end":{"line":228,"column":57}},"line":228}},"f":{"0":129,"1":10,"2":0,"3":6,"4":1,"5":1,"6":0,"7":1,"8":0,"9":0,"10":1}}
,"/Users/kasia/Springboard/Capstone_2/Capstone2/frontend/src/CreateRouteList.jsx": {"path":"/Users/kasia/Springboard/Capstone_2/Capstone2/frontend/src/CreateRouteList.jsx","all":false,"statementMap":{"0":{"start":{"line":1,"column":0},"end":{"line":1,"column":26}},"1":{"start":{"line":2,"column":0},"end":{"line":2,"column":76}},"2":{"start":{"line":3,"column":0},"end":{"line":3,"column":38}},"3":{"start":{"line":4,"column":0},"end":{"line":4,"column":46}},"4":{"start":{"line":5,"column":0},"end":{"line":5,"column":42}},"5":{"start":{"line":6,"column":0},"end":{"line":6,"column":44}},"6":{"start":{"line":7,"column":0},"end":{"line":7,"column":0}},"7":{"start":{"line":8,"column":0},"end":{"line":8,"column":57}},"8":{"start":{"line":9,"column":0},"end":{"line":9,"column":10}},"9":{"start":{"line":10,"column":0},"end":{"line":10,"column":9}},"10":{"start":{"line":11,"column":0},"end":{"line":11,"column":45}},"11":{"start":{"line":12,"column":0},"end":{"line":12,"column":48}},"12":{"start":{"line":13,"column":0},"end":{"line":13,"column":26}},"13":{"start":{"line":14,"column":0},"end":{"line":14,"column":71}},"14":{"start":{"line":15,"column":0},"end":{"line":15,"column":52}},"15":{"start":{"line":16,"column":0},"end":{"line":16,"column":42}},"16":{"start":{"line":17,"column":0},"end":{"line":17,"column":26}},"17":{"start":{"line":18,"column":0},"end":{"line":18,"column":30}},"18":{"start":{"line":19,"column":0},"end":{"line":19,"column":32}},"19":{"start":{"line":20,"column":0},"end":{"line":20,"column":48}},"20":{"start":{"line":21,"column":0},"end":{"line":21,"column":34}},"21":{"start":{"line":22,"column":0},"end":{"line":22,"column":21}},"22":{"start":{"line":23,"column":0},"end":{"line":23,"column":38}},"23":{"start":{"line":24,"column":0},"end":{"line":24,"column":34}},"24":{"start":{"line":25,"column":0},"end":{"line":25,"column":34}},"25":{"start":{"line":26,"column":0},"end":{"line":26,"column":69}},"26":{"start":{"line":27,"column":0},"end":{"line":27,"column":49}},"27":{"start":{"line":28,"column":0},"end":{"line":28,"column":27}},"28":{"start":{"line":29,"column":0},"end":{"line":29,"column":34}},"29":{"start":{"line":30,"column":0},"end":{"line":30,"column":40}},"30":{"start":{"line":31,"column":0},"end":{"line":31,"column":55}},"31":{"start":{"line":32,"column":0},"end":{"line":32,"column":60}},"32":{"start":{"line":33,"column":0},"end":{"line":33,"column":61}},"33":{"start":{"line":34,"column":0},"end":{"line":34,"column":42}},"34":{"start":{"line":35,"column":0},"end":{"line":35,"column":40}},"35":{"start":{"line":36,"column":0},"end":{"line":36,"column":54}},"36":{"start":{"line":37,"column":0},"end":{"line":37,"column":61}},"37":{"start":{"line":38,"column":0},"end":{"line":38,"column":44}},"38":{"start":{"line":39,"column":0},"end":{"line":39,"column":56}},"39":{"start":{"line":40,"column":0},"end":{"line":40,"column":50}},"40":{"start":{"line":41,"column":0},"end":{"line":41,"column":60}},"41":{"start":{"line":42,"column":0},"end":{"line":42,"column":34}},"42":{"start":{"line":43,"column":0},"end":{"line":43,"column":32}},"43":{"start":{"line":44,"column":0},"end":{"line":44,"column":35}},"44":{"start":{"line":45,"column":0},"end":{"line":45,"column":36}},"45":{"start":{"line":46,"column":0},"end":{"line":46,"column":35}},"46":{"start":{"line":47,"column":0},"end":{"line":47,"column":24}},"47":{"start":{"line":48,"column":0},"end":{"line":48,"column":32}},"48":{"start":{"line":49,"column":0},"end":{"line":49,"column":20}},"49":{"start":{"line":50,"column":0},"end":{"line":50,"column":17}},"50":{"start":{"line":51,"column":0},"end":{"line":51,"column":24}},"51":{"start":{"line":52,"column":0},"end":{"line":52,"column":80}},"52":{"start":{"line":53,"column":0},"end":{"line":53,"column":36}},"53":{"start":{"line":54,"column":0},"end":{"line":54,"column":32}},"54":{"start":{"line":55,"column":0},"end":{"line":55,"column":32}},"55":{"start":{"line":56,"column":0},"end":{"line":56,"column":67}},"56":{"start":{"line":57,"column":0},"end":{"line":57,"column":47}},"57":{"start":{"line":58,"column":0},"end":{"line":58,"column":25}},"58":{"start":{"line":59,"column":0},"end":{"line":59,"column":32}},"59":{"start":{"line":60,"column":0},"end":{"line":60,"column":38}},"60":{"start":{"line":61,"column":0},"end":{"line":61,"column":53}},"61":{"start":{"line":62,"column":0},"end":{"line":62,"column":58}},"62":{"start":{"line":63,"column":0},"end":{"line":63,"column":59}},"63":{"start":{"line":64,"column":0},"end":{"line":64,"column":40}},"64":{"start":{"line":65,"column":0},"end":{"line":65,"column":38}},"65":{"start":{"line":66,"column":0},"end":{"line":66,"column":52}},"66":{"start":{"line":67,"column":0},"end":{"line":67,"column":46}},"67":{"start":{"line":68,"column":0},"end":{"line":68,"column":46}},"68":{"start":{"line":69,"column":0},"end":{"line":69,"column":42}},"69":{"start":{"line":70,"column":0},"end":{"line":70,"column":30}},"70":{"start":{"line":71,"column":0},"end":{"line":71,"column":33}},"71":{"start":{"line":72,"column":0},"end":{"line":72,"column":34}},"72":{"start":{"line":73,"column":0},"end":{"line":73,"column":33}},"73":{"start":{"line":74,"column":0},"end":{"line":74,"column":22}},"74":{"start":{"line":75,"column":0},"end":{"line":75,"column":30}},"75":{"start":{"line":76,"column":0},"end":{"line":76,"column":18}},"76":{"start":{"line":77,"column":0},"end":{"line":77,"column":17}},"77":{"start":{"line":78,"column":0},"end":{"line":78,"column":36}},"78":{"start":{"line":79,"column":0},"end":{"line":79,"column":19}},"79":{"start":{"line":80,"column":0},"end":{"line":80,"column":12}},"80":{"start":{"line":81,"column":0},"end":{"line":81,"column":20}},"81":{"start":{"line":82,"column":0},"end":{"line":82,"column":24}},"82":{"start":{"line":83,"column":0},"end":{"line":83,"column":10}},"83":{"start":{"line":84,"column":0},"end":{"line":84,"column":4}},"84":{"start":{"line":85,"column":0},"end":{"line":85,"column":1}},"85":{"start":{"line":86,"column":0},"end":{"line":86,"column":0}},"86":{"start":{"line":87,"column":0},"end":{"line":87,"column":31}}},"s":{"0":1,"1":1,"2":1,"3":1,"4":1,"5":1,"6":1,"7":44,"8":44,"9":44,"10":44,"11":44,"12":44,"13":41,"14":41,"15":39,"16":3,"17":3,"18":3,"19":3,"20":3,"21":3,"22":3,"23":3,"24":3,"25":3,"26":3,"27":3,"28":3,"29":3,"30":3,"31":3,"32":3,"33":3,"34":3,"35":3,"36":3,"37":3,"38":3,"39":3,"40":0,"41":0,"42":3,"43":3,"44":3,"45":3,"46":3,"47":3,"48":3,"49":3,"50":36,"51":36,"52":36,"53":36,"54":36,"55":36,"56":36,"57":36,"58":36,"59":36,"60":36,"61":36,"62":36,"63":36,"64":36,"65":36,"66":36,"67":36,"68":36,"69":36,"70":36,"71":36,"72":36,"73":36,"74":36,"75":39,"76":41,"77":41,"78":41,"79":44,"80":44,"81":44,"82":44,"83":44,"84":44,"85":1,"86":1},"branchMap":{"0":{"type":"branch","line":8,"loc":{"start":{"line":8,"column":0},"end":{"line":85,"column":1}},"locations":[{"start":{"line":8,"column":0},"end":{"line":85,"column":1}}]},"1":{"type":"branch","line":13,"loc":{"start":{"line":13,"column":11},"end":{"line":79,"column":19}},"locations":[{"start":{"line":13,"column":11},"end":{"line":79,"column":19}}]},"2":{"type":"branch","line":15,"loc":{"start":{"line":15,"column":34},"end":{"line":77,"column":15}},"locations":[{"start":{"line":15,"column":34},"end":{"line":77,"column":15}}]},"3":{"type":"branch","line":16,"loc":{"start":{"line":16,"column":41},"end":{"line":75,"column":30}},"locations":[{"start":{"line":16,"column":41},"end":{"line":75,"column":30}}]},"4":{"type":"branch","line":16,"loc":{"start":{"line":16,"column":41},"end":{"line":50,"column":17}},"locations":[{"start":{"line":16,"column":41},"end":{"line":50,"column":17}}]},"5":{"type":"branch","line":50,"loc":{"start":{"line":50,"column":16},"end":{"line":75,"column":30}},"locations":[{"start":{"line":50,"column":16},"end":{"line":75,"column":30}}]},"6":{"type":"branch","line":23,"loc":{"start":{"line":23,"column":23},"end":{"line":46,"column":35}},"locations":[{"start":{"line":23,"column":23},"end":{"line":46,"column":35}}]},"7":{"type":"branch","line":39,"loc":{"start":{"line":39,"column":46},"end":{"line":39,"column":56}},"locations":[{"start":{"line":39,"column":46},"end":{"line":39,"column":56}}]},"8":{"type":"branch","line":53,"loc":{"start":{"line":53,"column":21},"end":{"line":73,"column":33}},"locations":[{"start":{"line":53,"column":21},"end":{"line":73,"column":33}}]}},"b":{"0":[44],"1":[41],"2":[39],"3":[37],"4":[3],"5":[36],"6":[3],"7":[0],"8":[36]},"fnMap":{"0":{"name":"CreateRouteList","decl":{"start":{"line":8,"column":0},"end":{"line":85,"column":1}},"loc":{"start":{"line":8,"column":0},"end":{"line":85,"column":1}},"line":8},"1":{"name":"children","decl":{"start":{"line":13,"column":11},"end":{"line":79,"column":19}},"loc":{"start":{"line":13,"column":11},"end":{"line":79,"column":19}},"line":13},"2":{"name":"children","decl":{"start":{"line":23,"column":23},"end":{"line":46,"column":35}},"loc":{"start":{"line":23,"column":23},"end":{"line":46,"column":35}},"line":23},"3":{"name":"onChange","decl":{"start":{"line":40,"column":42},"end":{"line":42,"column":34}},"loc":{"start":{"line":40,"column":42},"end":{"line":42,"column":34}},"line":40},"4":{"name":"children","decl":{"start":{"line":53,"column":21},"end":{"line":73,"column":33}},"loc":{"start":{"line":53,"column":21},"end":{"line":73,"column":33}},"line":53}},"f":{"0":44,"1":41,"2":3,"3":0,"4":36}}
,"/Users/kasia/Springboard/Capstone_2/Capstone2/frontend/src/Filters.jsx": {"path":"/Users/kasia/Springboard/Capstone_2/Capstone2/frontend/src/Filters.jsx","all":false,"statementMap":{"0":{"start":{"line":1,"column":0},"end":{"line":1,"column":31}},"1":{"start":{"line":2,"column":0},"end":{"line":2,"column":54}},"2":{"start":{"line":3,"column":0},"end":{"line":3,"column":48}},"3":{"start":{"line":4,"column":0},"end":{"line":4,"column":40}},"4":{"start":{"line":5,"column":0},"end":{"line":5,"column":0}},"5":{"start":{"line":6,"column":0},"end":{"line":6,"column":18}},"6":{"start":{"line":7,"column":0},"end":{"line":7,"column":16}},"7":{"start":{"line":8,"column":0},"end":{"line":8,"column":14}},"8":{"start":{"line":9,"column":0},"end":{"line":9,"column":18}},"9":{"start":{"line":10,"column":0},"end":{"line":10,"column":21}},"10":{"start":{"line":11,"column":0},"end":{"line":11,"column":19}},"11":{"start":{"line":12,"column":0},"end":{"line":12,"column":23}},"12":{"start":{"line":13,"column":0},"end":{"line":13,"column":4}},"13":{"start":{"line":14,"column":0},"end":{"line":14,"column":47}},"14":{"start":{"line":15,"column":0},"end":{"line":15,"column":28}},"15":{"start":{"line":16,"column":0},"end":{"line":16,"column":4}},"16":{"start":{"line":17,"column":0},"end":{"line":17,"column":67}},"17":{"start":{"line":18,"column":0},"end":{"line":18,"column":75}},"18":{"start":{"line":19,"column":0},"end":{"line":19,"column":0}},"19":{"start":{"line":20,"column":0},"end":{"line":20,"column":10}},"20":{"start":{"line":21,"column":0},"end":{"line":21,"column":61}},"21":{"start":{"line":22,"column":0},"end":{"line":22,"column":19}},"22":{"start":{"line":23,"column":0},"end":{"line":23,"column":54}},"23":{"start":{"line":24,"column":0},"end":{"line":24,"column":16}},"24":{"start":{"line":25,"column":0},"end":{"line":25,"column":20}},"25":{"start":{"line":26,"column":0},"end":{"line":26,"column":24}},"26":{"start":{"line":27,"column":0},"end":{"line":27,"column":31}},"27":{"start":{"line":28,"column":0},"end":{"line":28,"column":66}},"28":{"start":{"line":29,"column":0},"end":{"line":29,"column":34}},"29":{"start":{"line":30,"column":0},"end":{"line":30,"column":20}},"30":{"start":{"line":31,"column":0},"end":{"line":31,"column":23}},"31":{"start":{"line":32,"column":0},"end":{"line":32,"column":30}},"32":{"start":{"line":33,"column":0},"end":{"line":33,"column":38}},"33":{"start":{"line":34,"column":0},"end":{"line":34,"column":31}},"34":{"start":{"line":35,"column":0},"end":{"line":35,"column":12}},"35":{"start":{"line":36,"column":0},"end":{"line":36,"column":10}},"36":{"start":{"line":37,"column":0},"end":{"line":37,"column":8}},"37":{"start":{"line":38,"column":0},"end":{"line":38,"column":0}},"38":{"start":{"line":39,"column":0},"end":{"line":39,"column":19}},"39":{"start":{"line":40,"column":0},"end":{"line":40,"column":54}},"40":{"start":{"line":41,"column":0},"end":{"line":41,"column":16}},"41":{"start":{"line":42,"column":0},"end":{"line":42,"column":20}},"42":{"start":{"line":43,"column":0},"end":{"line":43,"column":26}},"43":{"start":{"line":44,"column":0},"end":{"line":44,"column":29}},"44":{"start":{"line":45,"column":0},"end":{"line":45,"column":65}},"45":{"start":{"line":46,"column":0},"end":{"line":46,"column":34}},"46":{"start":{"line":47,"column":0},"end":{"line":47,"column":20}},"47":{"start":{"line":48,"column":0},"end":{"line":48,"column":23}},"48":{"start":{"line":49,"column":0},"end":{"line":49,"column":30}},"49":{"start":{"line":50,"column":0},"end":{"line":50,"column":42}},"50":{"start":{"line":51,"column":0},"end":{"line":51,"column":30}},"51":{"start":{"line":52,"column":0},"end":{"line":52,"column":27}},"52":{"start":{"line":53,"column":0},"end":{"line":53,"column":12}},"53":{"start":{"line":54,"column":0},"end":{"line":54,"column":10}},"54":{"start":{"line":55,"column":0},"end":{"line":55,"column":8}},"55":{"start":{"line":56,"column":0},"end":{"line":56,"column":19}},"56":{"start":{"line":57,"column":0},"end":{"line":57,"column":54}},"57":{"start":{"line":58,"column":0},"end":{"line":58,"column":16}},"58":{"start":{"line":59,"column":0},"end":{"line":59,"column":20}},"59":{"start":{"line":60,"column":0},"end":{"line":60,"column":26}},"60":{"start":{"line":61,"column":0},"end":{"line":61,"column":33}},"61":{"start":{"line":62,"column":0},"end":{"line":62,"column":69}},"62":{"start":{"line":63,"column":0},"end":{"line":63,"column":34}},"63":{"start":{"line":64,"column":0},"end":{"line":64,"column":20}},"64":{"start":{"line":65,"column":0},"end":{"line":65,"column":23}},"65":{"start":{"line":66,"column":0},"end":{"line":66,"column":30}},"66":{"start":{"line":67,"column":0},"end":{"line":67,"column":38}},"67":{"start":{"line":68,"column":0},"end":{"line":68,"column":34}},"68":{"start":{"line":69,"column":0},"end":{"line":69,"column":31}},"69":{"start":{"line":70,"column":0},"end":{"line":70,"column":12}},"70":{"start":{"line":71,"column":0},"end":{"line":71,"column":10}},"71":{"start":{"line":72,"column":0},"end":{"line":72,"column":8}},"72":{"start":{"line":73,"column":0},"end":{"line":73,"column":12}},"73":{"start":{"line":74,"column":0},"end":{"line":74,"column":4}},"74":{"start":{"line":75,"column":0},"end":{"line":75,"column":1}},"75":{"start":{"line":76,"column":0},"end":{"line":76,"column":0}},"76":{"start":{"line":77,"column":0},"end":{"line":77,"column":23}}},"s":{"0":1,"1":1,"2":1,"3":1,"4":1,"5":122,"6":122,"7":122,"8":122,"9":122,"10":122,"11":122,"12":122,"13":122,"14":4,"15":4,"16":122,"17":122,"18":122,"19":122,"20":122,"21":122,"22":122,"23":122,"24":122,"25":122,"26":122,"27":122,"28":122,"29":154,"30":154,"31":154,"32":154,"33":154,"34":154,"35":122,"36":122,"37":122,"38":122,"39":122,"40":122,"41":122,"42":122,"43":122,"44":122,"45":122,"46":151,"47":151,"48":151,"49":151,"50":151,"51":151,"52":151,"53":122,"54":122,"55":122,"56":122,"57":122,"58":122,"59":122,"60":122,"61":122,"62":122,"63":151,"64":151,"65":151,"66":151,"67":151,"68":151,"69":151,"70":122,"71":122,"72":122,"73":122,"74":122,"75":1,"76":1},"branchMap":{"0":{"type":"branch","line":6,"loc":{"start":{"line":6,"column":0},"end":{"line":75,"column":1}},"locations":[{"start":{"line":6,"column":0},"end":{"line":75,"column":1}}]},"1":{"type":"branch","line":14,"loc":{"start":{"line":14,"column":34},"end":{"line":16,"column":4}},"locations":[{"start":{"line":14,"column":34},"end":{"line":16,"column":4}}]},"2":{"type":"branch","line":28,"loc":{"start":{"line":28,"column":18},"end":{"line":28,"column":66}},"locations":[{"start":{"line":28,"column":18},"end":{"line":28,"column":66}}]},"3":{"type":"branch","line":29,"loc":{"start":{"line":29,"column":21},"end":{"line":35,"column":12}},"locations":[{"start":{"line":29,"column":21},"end":{"line":35,"column":12}}]},"4":{"type":"branch","line":46,"loc":{"start":{"line":46,"column":21},"end":{"line":53,"column":12}},"locations":[{"start":{"line":46,"column":21},"end":{"line":53,"column":12}}]},"5":{"type":"branch","line":63,"loc":{"start":{"line":63,"column":21},"end":{"line":70,"column":12}},"locations":[{"start":{"line":63,"column":21},"end":{"line":70,"column":12}}]}},"b":{"0":[122],"1":[4],"2":[4],"3":[154],"4":[151],"5":[151]},"fnMap":{"0":{"name":"Filters","decl":{"start":{"line":6,"column":0},"end":{"line":75,"column":1}},"loc":{"start":{"line":6,"column":0},"end":{"line":75,"column":1}},"line":6},"1":{"name":"handleFilterStateChange","decl":{"start":{"line":14,"column":34},"end":{"line":16,"column":4}},"loc":{"start":{"line":14,"column":34},"end":{"line":16,"column":4}},"line":14},"2":{"name":"handleFilterTypeChange","decl":{"start":{"line":17,"column":33},"end":{"line":17,"column":67}},"loc":{"start":{"line":17,"column":33},"end":{"line":17,"column":67}},"line":17},"3":{"name":"handleFilterActivityChange","decl":{"start":{"line":18,"column":37},"end":{"line":18,"column":75}},"loc":{"start":{"line":18,"column":37},"end":{"line":18,"column":75}},"line":18},"4":{"name":"onChange","decl":{"start":{"line":28,"column":18},"end":{"line":28,"column":66}},"loc":{"start":{"line":28,"column":18},"end":{"line":28,"column":66}},"line":28},"5":{"name":"renderInput","decl":{"start":{"line":29,"column":21},"end":{"line":35,"column":12}},"loc":{"start":{"line":29,"column":21},"end":{"line":35,"column":12}},"line":29},"6":{"name":"onChange","decl":{"start":{"line":45,"column":18},"end":{"line":45,"column":65}},"loc":{"start":{"line":45,"column":18},"end":{"line":45,"column":65}},"line":45},"7":{"name":"renderInput","decl":{"start":{"line":46,"column":21},"end":{"line":53,"column":12}},"loc":{"start":{"line":46,"column":21},"end":{"line":53,"column":12}},"line":46},"8":{"name":"onChange","decl":{"start":{"line":62,"column":18},"end":{"line":62,"column":69}},"loc":{"start":{"line":62,"column":18},"end":{"line":62,"column":69}},"line":62},"9":{"name":"renderInput","decl":{"start":{"line":63,"column":21},"end":{"line":70,"column":12}},"loc":{"start":{"line":63,"column":21},"end":{"line":70,"column":12}},"line":63}},"f":{"0":122,"1":4,"2":0,"3":0,"4":4,"5":154,"6":0,"7":151,"8":0,"9":151}}
,"/Users/kasia/Springboard/Capstone_2/Capstone2/frontend/src/Map.jsx": {"path":"/Users/kasia/Springboard/Capstone_2/Capstone2/frontend/src/Map.jsx","all":false,"statementMap":{"0":{"start":{"line":1,"column":0},"end":{"line":1,"column":51}},"1":{"start":{"line":2,"column":0},"end":{"line":2,"column":69}},"2":{"start":{"line":3,"column":0},"end":{"line":3,"column":62}},"3":{"start":{"line":4,"column":0},"end":{"line":4,"column":36}},"4":{"start":{"line":5,"column":0},"end":{"line":5,"column":44}},"5":{"start":{"line":6,"column":0},"end":{"line":6,"column":78}},"6":{"start":{"line":7,"column":0},"end":{"line":7,"column":59}},"7":{"start":{"line":8,"column":0},"end":{"line":8,"column":71}},"8":{"start":{"line":9,"column":0},"end":{"line":9,"column":32}},"9":{"start":{"line":10,"column":0},"end":{"line":10,"column":42}},"10":{"start":{"line":11,"column":0},"end":{"line":11,"column":40}},"11":{"start":{"line":12,"column":0},"end":{"line":12,"column":44}},"12":{"start":{"line":13,"column":0},"end":{"line":13,"column":28}},"13":{"start":{"line":14,"column":0},"end":{"line":14,"column":40}},"14":{"start":{"line":15,"column":0},"end":{"line":15,"column":40}},"15":{"start":{"line":16,"column":0},"end":{"line":16,"column":40}},"16":{"start":{"line":17,"column":0},"end":{"line":17,"column":42}},"17":{"start":{"line":18,"column":0},"end":{"line":18,"column":0}},"18":{"start":{"line":19,"column":0},"end":{"line":19,"column":44}},"19":{"start":{"line":20,"column":0},"end":{"line":20,"column":28}},"20":{"start":{"line":21,"column":0},"end":{"line":21,"column":33}},"21":{"start":{"line":22,"column":0},"end":{"line":22,"column":64}},"22":{"start":{"line":23,"column":0},"end":{"line":23,"column":66}},"23":{"start":{"line":24,"column":0},"end":{"line":24,"column":36}},"24":{"start":{"line":25,"column":0},"end":{"line":25,"column":39}},"25":{"start":{"line":26,"column":0},"end":{"line":26,"column":16}},"26":{"start":{"line":27,"column":0},"end":{"line":27,"column":4}},"27":{"start":{"line":28,"column":0},"end":{"line":28,"column":34}},"28":{"start":{"line":29,"column":0},"end":{"line":29,"column":41}},"29":{"start":{"line":30,"column":0},"end":{"line":30,"column":16}},"30":{"start":{"line":31,"column":0},"end":{"line":31,"column":4}},"31":{"start":{"line":32,"column":0},"end":{"line":32,"column":38}},"32":{"start":{"line":33,"column":0},"end":{"line":33,"column":45}},"33":{"start":{"line":34,"column":0},"end":{"line":34,"column":16}},"34":{"start":{"line":35,"column":0},"end":{"line":35,"column":4}},"35":{"start":{"line":36,"column":0},"end":{"line":36,"column":51}},"36":{"start":{"line":37,"column":0},"end":{"line":37,"column":0}},"37":{"start":{"line":38,"column":0},"end":{"line":38,"column":25}},"38":{"start":{"line":39,"column":0},"end":{"line":39,"column":24}},"39":{"start":{"line":40,"column":0},"end":{"line":40,"column":15}},"40":{"start":{"line":41,"column":0},"end":{"line":41,"column":17}},"41":{"start":{"line":42,"column":0},"end":{"line":42,"column":17}},"42":{"start":{"line":43,"column":0},"end":{"line":43,"column":4}},"43":{"start":{"line":44,"column":0},"end":{"line":44,"column":55}},"44":{"start":{"line":45,"column":0},"end":{"line":45,"column":0}},"45":{"start":{"line":46,"column":0},"end":{"line":46,"column":39}},"46":{"start":{"line":47,"column":0},"end":{"line":47,"column":66}},"47":{"start":{"line":48,"column":0},"end":{"line":48,"column":4}},"48":{"start":{"line":49,"column":0},"end":{"line":49,"column":37}},"49":{"start":{"line":50,"column":0},"end":{"line":50,"column":68}},"50":{"start":{"line":51,"column":0},"end":{"line":51,"column":4}},"51":{"start":{"line":52,"column":0},"end":{"line":52,"column":0}},"52":{"start":{"line":53,"column":0},"end":{"line":53,"column":41}},"53":{"start":{"line":54,"column":0},"end":{"line":54,"column":68}},"54":{"start":{"line":55,"column":0},"end":{"line":55,"column":4}},"55":{"start":{"line":56,"column":0},"end":{"line":56,"column":0}},"56":{"start":{"line":57,"column":0},"end":{"line":57,"column":36}},"57":{"start":{"line":58,"column":0},"end":{"line":58,"column":56}},"58":{"start":{"line":59,"column":0},"end":{"line":59,"column":49}},"59":{"start":{"line":60,"column":0},"end":{"line":60,"column":0}},"60":{"start":{"line":61,"column":0},"end":{"line":61,"column":47}},"61":{"start":{"line":62,"column":0},"end":{"line":62,"column":26}},"62":{"start":{"line":63,"column":0},"end":{"line":63,"column":25}},"63":{"start":{"line":64,"column":0},"end":{"line":64,"column":4}},"64":{"start":{"line":65,"column":0},"end":{"line":65,"column":41}},"65":{"start":{"line":66,"column":0},"end":{"line":66,"column":22}},"66":{"start":{"line":67,"column":0},"end":{"line":67,"column":26}},"67":{"start":{"line":68,"column":0},"end":{"line":68,"column":4}},"68":{"start":{"line":69,"column":0},"end":{"line":69,"column":30}},"69":{"start":{"line":70,"column":0},"end":{"line":70,"column":47}},"70":{"start":{"line":71,"column":0},"end":{"line":71,"column":31}},"71":{"start":{"line":72,"column":0},"end":{"line":72,"column":20}},"72":{"start":{"line":73,"column":0},"end":{"line":73,"column":4}},"73":{"start":{"line":74,"column":0},"end":{"line":74,"column":0}},"74":{"start":{"line":75,"column":0},"end":{"line":75,"column":45}},"75":{"start":{"line":76,"column":0},"end":{"line":76,"column":9}},"76":{"start":{"line":77,"column":0},"end":{"line":77,"column":49}},"77":{"start":{"line":78,"column":0},"end":{"line":78,"column":22}},"78":{"start":{"line":79,"column":0},"end":{"line":79,"column":17}},"79":{"start":{"line":80,"column":0},"end":{"line":80,"column":16}},"80":{"start":{"line":81,"column":0},"end":{"line":81,"column":8}},"81":{"start":{"line":82,"column":0},"end":{"line":82,"column":65}},"82":{"start":{"line":83,"column":0},"end":{"line":83,"column":17}},"83":{"start":{"line":84,"column":0},"end":{"line":84,"column":21}},"84":{"start":{"line":85,"column":0},"end":{"line":85,"column":5}},"85":{"start":{"line":86,"column":0},"end":{"line":86,"column":25}},"86":{"start":{"line":87,"column":0},"end":{"line":87,"column":4}},"87":{"start":{"line":88,"column":0},"end":{"line":88,"column":0}},"88":{"start":{"line":89,"column":0},"end":{"line":89,"column":32}},"89":{"start":{"line":90,"column":0},"end":{"line":90,"column":50}},"90":{"start":{"line":91,"column":0},"end":{"line":91,"column":59}},"91":{"start":{"line":92,"column":0},"end":{"line":92,"column":0}},"92":{"start":{"line":93,"column":0},"end":{"line":93,"column":43}},"93":{"start":{"line":94,"column":0},"end":{"line":94,"column":19}},"94":{"start":{"line":95,"column":0},"end":{"line":95,"column":28}},"95":{"start":{"line":96,"column":0},"end":{"line":96,"column":65}},"96":{"start":{"line":97,"column":0},"end":{"line":97,"column":12}},"97":{"start":{"line":98,"column":0},"end":{"line":98,"column":43}},"98":{"start":{"line":99,"column":0},"end":{"line":99,"column":5}},"99":{"start":{"line":100,"column":0},"end":{"line":100,"column":39}},"100":{"start":{"line":101,"column":0},"end":{"line":101,"column":57}},"101":{"start":{"line":102,"column":0},"end":{"line":102,"column":47}},"102":{"start":{"line":103,"column":0},"end":{"line":103,"column":0}},"103":{"start":{"line":104,"column":0},"end":{"line":104,"column":32}},"104":{"start":{"line":105,"column":0},"end":{"line":105,"column":18}},"105":{"start":{"line":106,"column":0},"end":{"line":106,"column":12}},"106":{"start":{"line":107,"column":0},"end":{"line":107,"column":66}},"107":{"start":{"line":108,"column":0},"end":{"line":108,"column":28}},"108":{"start":{"line":109,"column":0},"end":{"line":109,"column":12}},"109":{"start":{"line":110,"column":0},"end":{"line":110,"column":6}},"110":{"start":{"line":111,"column":0},"end":{"line":111,"column":3}},"111":{"start":{"line":112,"column":0},"end":{"line":112,"column":0}},"112":{"start":{"line":113,"column":0},"end":{"line":113,"column":10}},"113":{"start":{"line":114,"column":0},"end":{"line":114,"column":9}},"114":{"start":{"line":115,"column":0},"end":{"line":115,"column":52}},"115":{"start":{"line":116,"column":0},"end":{"line":116,"column":16}},"116":{"start":{"line":117,"column":0},"end":{"line":117,"column":39}},"117":{"start":{"line":118,"column":0},"end":{"line":118,"column":35}},"118":{"start":{"line":119,"column":0},"end":{"line":119,"column":43}},"119":{"start":{"line":120,"column":0},"end":{"line":120,"column":49}},"120":{"start":{"line":121,"column":0},"end":{"line":121,"column":45}},"121":{"start":{"line":122,"column":0},"end":{"line":122,"column":53}},"122":{"start":{"line":123,"column":0},"end":{"line":123,"column":10}},"123":{"start":{"line":124,"column":0},"end":{"line":124,"column":20}},"124":{"start":{"line":125,"column":0},"end":{"line":125,"column":35}},"125":{"start":{"line":126,"column":0},"end":{"line":126,"column":35}},"126":{"start":{"line":127,"column":0},"end":{"line":127,"column":47}},"127":{"start":{"line":128,"column":0},"end":{"line":128,"column":41}},"128":{"start":{"line":129,"column":0},"end":{"line":129,"column":21}},"129":{"start":{"line":130,"column":0},"end":{"line":130,"column":10}},"130":{"start":{"line":131,"column":0},"end":{"line":131,"column":19}},"131":{"start":{"line":132,"column":0},"end":{"line":132,"column":21}},"132":{"start":{"line":133,"column":0},"end":{"line":133,"column":35}},"133":{"start":{"line":134,"column":0},"end":{"line":134,"column":47}},"134":{"start":{"line":135,"column":0},"end":{"line":135,"column":41}},"135":{"start":{"line":136,"column":0},"end":{"line":136,"column":35}},"136":{"start":{"line":137,"column":0},"end":{"line":137,"column":10}},"137":{"start":{"line":138,"column":0},"end":{"line":138,"column":14}},"138":{"start":{"line":139,"column":0},"end":{"line":139,"column":0}},"139":{"start":{"line":140,"column":0},"end":{"line":140,"column":19}},"140":{"start":{"line":141,"column":0},"end":{"line":141,"column":40}},"141":{"start":{"line":142,"column":0},"end":{"line":142,"column":18}},"142":{"start":{"line":143,"column":0},"end":{"line":143,"column":31}},"143":{"start":{"line":144,"column":0},"end":{"line":144,"column":7}},"144":{"start":{"line":145,"column":0},"end":{"line":145,"column":30}},"145":{"start":{"line":146,"column":0},"end":{"line":146,"column":22}},"146":{"start":{"line":147,"column":0},"end":{"line":147,"column":22}},"147":{"start":{"line":148,"column":0},"end":{"line":148,"column":49}},"148":{"start":{"line":149,"column":0},"end":{"line":149,"column":43}},"149":{"start":{"line":150,"column":0},"end":{"line":150,"column":37}},"150":{"start":{"line":151,"column":0},"end":{"line":151,"column":31}},"151":{"start":{"line":152,"column":0},"end":{"line":152,"column":12}},"152":{"start":{"line":153,"column":0},"end":{"line":153,"column":10}},"153":{"start":{"line":154,"column":0},"end":{"line":154,"column":0}},"154":{"start":{"line":155,"column":0},"end":{"line":155,"column":18}},"155":{"start":{"line":156,"column":0},"end":{"line":156,"column":111}},"156":{"start":{"line":157,"column":0},"end":{"line":157,"column":66}},"157":{"start":{"line":158,"column":0},"end":{"line":158,"column":10}},"158":{"start":{"line":159,"column":0},"end":{"line":159,"column":30}},"159":{"start":{"line":160,"column":0},"end":{"line":160,"column":20}},"160":{"start":{"line":161,"column":0},"end":{"line":161,"column":27}},"161":{"start":{"line":162,"column":0},"end":{"line":162,"column":23}},"162":{"start":{"line":163,"column":0},"end":{"line":163,"column":23}},"163":{"start":{"line":164,"column":0},"end":{"line":164,"column":35}},"164":{"start":{"line":165,"column":0},"end":{"line":165,"column":57}},"165":{"start":{"line":166,"column":0},"end":{"line":166,"column":41}},"166":{"start":{"line":167,"column":0},"end":{"line":167,"column":43}},"167":{"start":{"line":168,"column":0},"end":{"line":168,"column":49}},"168":{"start":{"line":169,"column":0},"end":{"line":169,"column":31}},"169":{"start":{"line":170,"column":0},"end":{"line":170,"column":29}},"170":{"start":{"line":171,"column":0},"end":{"line":171,"column":12}},"171":{"start":{"line":172,"column":0},"end":{"line":172,"column":11}},"172":{"start":{"line":173,"column":0},"end":{"line":173,"column":25}},"173":{"start":{"line":174,"column":0},"end":{"line":174,"column":22}},"174":{"start":{"line":175,"column":0},"end":{"line":175,"column":31}},"175":{"start":{"line":176,"column":0},"end":{"line":176,"column":59}},"176":{"start":{"line":177,"column":0},"end":{"line":177,"column":12}},"177":{"start":{"line":178,"column":0},"end":{"line":178,"column":10}},"178":{"start":{"line":179,"column":0},"end":{"line":179,"column":21}},"179":{"start":{"line":180,"column":0},"end":{"line":180,"column":10}},"180":{"start":{"line":181,"column":0},"end":{"line":181,"column":4}},"181":{"start":{"line":182,"column":0},"end":{"line":182,"column":2}},"182":{"start":{"line":183,"column":0},"end":{"line":183,"column":0}},"183":{"start":{"line":184,"column":0},"end":{"line":184,"column":19}}},"s":{"0":1,"1":1,"2":1,"3":1,"4":1,"5":1,"6":1,"7":1,"8":1,"9":1,"10":1,"11":1,"12":1,"13":1,"14":1,"15":1,"16":1,"17":1,"18":1,"19":234,"20":234,"21":234,"22":234,"23":234,"24":234,"25":234,"26":234,"27":234,"28":234,"29":234,"30":234,"31":234,"32":234,"33":234,"34":234,"35":234,"36":234,"37":234,"38":234,"39":234,"40":234,"41":234,"42":234,"43":234,"44":234,"45":234,"46":4,"47":4,"48":234,"49":0,"50":0,"51":234,"52":234,"53":0,"54":0,"55":234,"56":234,"57":234,"58":234,"59":234,"60":234,"61":4,"62":4,"63":4,"64":234,"65":0,"66":0,"67":0,"68":234,"69":234,"70":234,"71":21,"72":21,"73":234,"74":234,"75":1,"76":1,"77":1,"78":1,"79":1,"80":1,"81":1,"82":1,"83":0,"84":0,"85":1,"86":1,"87":234,"88":234,"89":234,"90":234,"91":234,"92":234,"93":234,"94":72,"95":26,"96":70,"97":46,"98":46,"99":72,"100":72,"101":234,"102":234,"103":234,"104":234,"105":103,"106":103,"107":103,"108":103,"109":103,"110":103,"111":124,"112":124,"113":124,"114":124,"115":124,"116":124,"117":124,"118":124,"119":124,"120":124,"121":124,"122":124,"123":124,"124":124,"125":124,"126":124,"127":124,"128":124,"129":124,"130":124,"131":124,"132":124,"133":124,"134":124,"135":124,"136":124,"137":124,"138":124,"139":124,"140":124,"141":124,"142":124,"143":124,"144":124,"145":124,"146":33,"147":33,"148":33,"149":33,"150":33,"151":33,"152":234,"153":234,"154":234,"155":234,"156":234,"157":234,"158":234,"159":142,"160":142,"161":142,"162":142,"163":142,"164":142,"165":142,"166":142,"167":142,"168":142,"169":142,"170":142,"171":234,"172":234,"173":4,"174":4,"175":4,"176":4,"177":234,"178":234,"179":234,"180":234,"181":234,"182":1,"183":1},"branchMap":{"0":{"type":"branch","line":19,"loc":{"start":{"line":19,"column":12},"end":{"line":182,"column":2}},"locations":[{"start":{"line":19,"column":12},"end":{"line":182,"column":2}}]},"1":{"type":"branch","line":105,"loc":{"start":{"line":105,"column":17},"end":{"line":146,"column":22}},"locations":[{"start":{"line":105,"column":17},"end":{"line":146,"column":22}}]},"2":{"type":"branch","line":105,"loc":{"start":{"line":105,"column":17},"end":{"line":111,"column":3}},"locations":[{"start":{"line":105,"column":17},"end":{"line":111,"column":3}}]},"3":{"type":"branch","line":111,"loc":{"start":{"line":111,"column":2},"end":{"line":146,"column":22}},"locations":[{"start":{"line":111,"column":2},"end":{"line":146,"column":22}}]},"4":{"type":"branch","line":146,"loc":{"start":{"line":146,"column":9},"end":{"line":152,"column":12}},"locations":[{"start":{"line":146,"column":9},"end":{"line":152,"column":12}}]},"5":{"type":"branch","line":173,"loc":{"start":{"line":173,"column":9},"end":{"line":177,"column":12}},"locations":[{"start":{"line":173,"column":9},"end":{"line":177,"column":12}}]},"6":{"type":"branch","line":22,"loc":{"start":{"line":22,"column":27},"end":{"line":22,"column":50}},"locations":[{"start":{"line":22,"column":27},"end":{"line":22,"column":50}}]},"7":{"type":"branch","line":23,"loc":{"start":{"line":23,"column":28},"end":{"line":23,"column":52}},"locations":[{"start":{"line":23,"column":28},"end":{"line":23,"column":52}}]},"8":{"type":"branch","line":25,"loc":{"start":{"line":25,"column":4},"end":{"line":25,"column":39}},"locations":[{"start":{"line":25,"column":4},"end":{"line":25,"column":39}}]},"9":{"type":"branch","line":29,"loc":{"start":{"line":29,"column":4},"end":{"line":29,"column":41}},"locations":[{"start":{"line":29,"column":4},"end":{"line":29,"column":41}}]},"10":{"type":"branch","line":33,"loc":{"start":{"line":33,"column":4},"end":{"line":33,"column":45}},"locations":[{"start":{"line":33,"column":4},"end":{"line":33,"column":45}}]},"11":{"type":"branch","line":46,"loc":{"start":{"line":46,"column":29},"end":{"line":48,"column":4}},"locations":[{"start":{"line":46,"column":29},"end":{"line":48,"column":4}}]},"12":{"type":"branch","line":47,"loc":{"start":{"line":47,"column":22},"end":{"line":47,"column":64}},"locations":[{"start":{"line":47,"column":22},"end":{"line":47,"column":64}}]},"13":{"type":"branch","line":61,"loc":{"start":{"line":61,"column":32},"end":{"line":64,"column":4}},"locations":[{"start":{"line":61,"column":32},"end":{"line":64,"column":4}}]},"14":{"type":"branch","line":71,"loc":{"start":{"line":71,"column":21},"end":{"line":73,"column":4}},"locations":[{"start":{"line":71,"column":21},"end":{"line":73,"column":4}}]},"15":{"type":"branch","line":75,"loc":{"start":{"line":75,"column":24},"end":{"line":87,"column":4}},"locations":[{"start":{"line":75,"column":24},"end":{"line":87,"column":4}}]},"16":{"type":"branch","line":83,"loc":{"start":{"line":83,"column":4},"end":{"line":85,"column":5}},"locations":[{"start":{"line":83,"column":4},"end":{"line":85,"column":5}}]},"17":{"type":"branch","line":94,"loc":{"start":{"line":94,"column":12},"end":{"line":102,"column":5}},"locations":[{"start":{"line":94,"column":12},"end":{"line":102,"column":5}}]},"18":{"type":"branch","line":95,"loc":{"start":{"line":95,"column":27},"end":{"line":99,"column":5}},"locations":[{"start":{"line":95,"column":27},"end":{"line":99,"column":5}}]},"19":{"type":"branch","line":95,"loc":{"start":{"line":95,"column":27},"end":{"line":97,"column":11}},"locations":[{"start":{"line":95,"column":27},"end":{"line":97,"column":11}}]},"20":{"type":"branch","line":97,"loc":{"start":{"line":97,"column":4},"end":{"line":99,"column":5}},"locations":[{"start":{"line":97,"column":4},"end":{"line":99,"column":5}}]},"21":{"type":"branch","line":101,"loc":{"start":{"line":101,"column":37},"end":{"line":101,"column":57}},"locations":[{"start":{"line":101,"column":37},"end":{"line":101,"column":57}}]},"22":{"type":"branch","line":159,"loc":{"start":{"line":159,"column":19},"end":{"line":171,"column":12}},"locations":[{"start":{"line":159,"column":19},"end":{"line":171,"column":12}}]}},"b":{"0":[234],"1":[208],"2":[103],"3":[124],"4":[33],"5":[4],"6":[423],"7":[423],"8":[423],"9":[423],"10":[423],"11":[4],"12":[4],"13":[4],"14":[21],"15":[1],"16":[0],"17":[72],"18":[70],"19":[26],"20":[46],"21":[37],"22":[142]},"fnMap":{"0":{"name":"Map","decl":{"start":{"line":19,"column":12},"end":{"line":182,"column":2}},"loc":{"start":{"line":19,"column":12},"end":{"line":182,"column":2}},"line":19},"1":{"name":"handleFilterStates","decl":{"start":{"line":46,"column":29},"end":{"line":48,"column":4}},"loc":{"start":{"line":46,"column":29},"end":{"line":48,"column":4}},"line":46},"2":{"name":"handleFilterType","decl":{"start":{"line":49,"column":27},"end":{"line":51,"column":4}},"loc":{"start":{"line":49,"column":27},"end":{"line":51,"column":4}},"line":49},"3":{"name":"handleFilterActivity","decl":{"start":{"line":53,"column":31},"end":{"line":55,"column":4}},"loc":{"start":{"line":53,"column":31},"end":{"line":55,"column":4}},"line":53},"4":{"name":"handleParkDetailsOpen","decl":{"start":{"line":61,"column":32},"end":{"line":64,"column":4}},"loc":{"start":{"line":61,"column":32},"end":{"line":64,"column":4}},"line":61},"5":{"name":"handleParkDetailsClose","decl":{"start":{"line":65,"column":33},"end":{"line":68,"column":4}},"loc":{"start":{"line":65,"column":33},"end":{"line":68,"column":4}},"line":65},"6":{"name":"getVisited","decl":{"start":{"line":71,"column":21},"end":{"line":73,"column":4}},"loc":{"start":{"line":71,"column":21},"end":{"line":73,"column":4}},"line":71},"7":{"name":"handleVisited","decl":{"start":{"line":75,"column":24},"end":{"line":87,"column":4}},"loc":{"start":{"line":75,"column":24},"end":{"line":87,"column":4}},"line":75}},"f":{"0":234,"1":4,"2":0,"3":0,"4":4,"5":0,"6":21,"7":1}}
,"/Users/kasia/Springboard/Capstone_2/Capstone2/frontend/src/MapMarker.jsx": {"path":"/Users/kasia/Springboard/Capstone_2/Capstone2/frontend/src/MapMarker.jsx","all":false,"statementMap":{"0":{"start":{"line":1,"column":0},"end":{"line":1,"column":51}},"1":{"start":{"line":2,"column":0},"end":{"line":2,"column":44}},"2":{"start":{"line":3,"column":0},"end":{"line":3,"column":71}},"3":{"start":{"line":4,"column":0},"end":{"line":4,"column":42}},"4":{"start":{"line":5,"column":0},"end":{"line":5,"column":0}},"5":{"start":{"line":6,"column":0},"end":{"line":6,"column":20}},"6":{"start":{"line":7,"column":0},"end":{"line":7,"column":7}},"7":{"start":{"line":8,"column":0},"end":{"line":8,"column":7}},"8":{"start":{"line":9,"column":0},"end":{"line":9,"column":13}},"9":{"start":{"line":10,"column":0},"end":{"line":10,"column":24}},"10":{"start":{"line":11,"column":0},"end":{"line":11,"column":16}},"11":{"start":{"line":12,"column":0},"end":{"line":12,"column":17}},"12":{"start":{"line":13,"column":0},"end":{"line":13,"column":20}},"13":{"start":{"line":14,"column":0},"end":{"line":14,"column":11}},"14":{"start":{"line":15,"column":0},"end":{"line":15,"column":10}},"15":{"start":{"line":16,"column":0},"end":{"line":16,"column":4}},"16":{"start":{"line":17,"column":0},"end":{"line":17,"column":86}},"17":{"start":{"line":18,"column":0},"end":{"line":18,"column":32}},"18":{"start":{"line":19,"column":0},"end":{"line":19,"column":12}},"19":{"start":{"line":20,"column":0},"end":{"line":20,"column":108}},"20":{"start":{"line":21,"column":0},"end":{"line":21,"column":14}},"21":{"start":{"line":22,"column":0},"end":{"line":22,"column":86}},"22":{"start":{"line":23,"column":0},"end":{"line":23,"column":23}},"23":{"start":{"line":24,"column":0},"end":{"line":24,"column":25}},"24":{"start":{"line":25,"column":0},"end":{"line":25,"column":26}},"25":{"start":{"line":26,"column":0},"end":{"line":26,"column":25}},"26":{"start":{"line":27,"column":0},"end":{"line":27,"column":5}},"27":{"start":{"line":28,"column":0},"end":{"line":28,"column":0}},"28":{"start":{"line":29,"column":0},"end":{"line":29,"column":31}},"29":{"start":{"line":30,"column":0},"end":{"line":30,"column":12}},"30":{"start":{"line":31,"column":0},"end":{"line":31,"column":107}},"31":{"start":{"line":32,"column":0},"end":{"line":32,"column":14}},"32":{"start":{"line":33,"column":0},"end":{"line":33,"column":86}},"33":{"start":{"line":34,"column":0},"end":{"line":34,"column":23}},"34":{"start":{"line":35,"column":0},"end":{"line":35,"column":25}},"35":{"start":{"line":36,"column":0},"end":{"line":36,"column":26}},"36":{"start":{"line":37,"column":0},"end":{"line":37,"column":25}},"37":{"start":{"line":38,"column":0},"end":{"line":38,"column":5}},"38":{"start":{"line":39,"column":0},"end":{"line":39,"column":0}},"39":{"start":{"line":40,"column":0},"end":{"line":40,"column":33}},"40":{"start":{"line":41,"column":0},"end":{"line":41,"column":12}},"41":{"start":{"line":42,"column":0},"end":{"line":42,"column":109}},"42":{"start":{"line":43,"column":0},"end":{"line":43,"column":14}},"43":{"start":{"line":44,"column":0},"end":{"line":44,"column":86}},"44":{"start":{"line":45,"column":0},"end":{"line":45,"column":23}},"45":{"start":{"line":46,"column":0},"end":{"line":46,"column":25}},"46":{"start":{"line":47,"column":0},"end":{"line":47,"column":26}},"47":{"start":{"line":48,"column":0},"end":{"line":48,"column":25}},"48":{"start":{"line":49,"column":0},"end":{"line":49,"column":5}},"49":{"start":{"line":50,"column":0},"end":{"line":50,"column":0}},"50":{"start":{"line":51,"column":0},"end":{"line":51,"column":127}},"51":{"start":{"line":52,"column":0},"end":{"line":52,"column":53}},"52":{"start":{"line":53,"column":0},"end":{"line":53,"column":0}},"53":{"start":{"line":54,"column":0},"end":{"line":54,"column":118}},"54":{"start":{"line":55,"column":0},"end":{"line":55,"column":19}},"55":{"start":{"line":56,"column":0},"end":{"line":56,"column":38}},"56":{"start":{"line":57,"column":0},"end":{"line":57,"column":32}},"57":{"start":{"line":58,"column":0},"end":{"line":58,"column":5}},"58":{"start":{"line":59,"column":0},"end":{"line":59,"column":0}},"59":{"start":{"line":60,"column":0},"end":{"line":60,"column":19}},"60":{"start":{"line":61,"column":0},"end":{"line":61,"column":37}},"61":{"start":{"line":62,"column":0},"end":{"line":62,"column":38}},"62":{"start":{"line":63,"column":0},"end":{"line":63,"column":8}},"63":{"start":{"line":64,"column":0},"end":{"line":64,"column":6}},"64":{"start":{"line":65,"column":0},"end":{"line":65,"column":23}},"65":{"start":{"line":66,"column":0},"end":{"line":66,"column":0}},"66":{"start":{"line":67,"column":0},"end":{"line":67,"column":70}},"67":{"start":{"line":68,"column":0},"end":{"line":68,"column":63}},"68":{"start":{"line":69,"column":0},"end":{"line":69,"column":23}},"69":{"start":{"line":70,"column":0},"end":{"line":70,"column":24}},"70":{"start":{"line":71,"column":0},"end":{"line":71,"column":48}},"71":{"start":{"line":72,"column":0},"end":{"line":72,"column":7}},"72":{"start":{"line":73,"column":0},"end":{"line":73,"column":48}},"73":{"start":{"line":74,"column":0},"end":{"line":74,"column":4}},"74":{"start":{"line":75,"column":0},"end":{"line":75,"column":0}},"75":{"start":{"line":76,"column":0},"end":{"line":76,"column":67}},"76":{"start":{"line":77,"column":0},"end":{"line":77,"column":41}},"77":{"start":{"line":78,"column":0},"end":{"line":78,"column":75}},"78":{"start":{"line":79,"column":0},"end":{"line":79,"column":69}},"79":{"start":{"line":80,"column":0},"end":{"line":80,"column":4}},"80":{"start":{"line":81,"column":0},"end":{"line":81,"column":40}},"81":{"start":{"line":82,"column":0},"end":{"line":82,"column":12}},"82":{"start":{"line":83,"column":0},"end":{"line":83,"column":13}},"83":{"start":{"line":84,"column":0},"end":{"line":84,"column":25}},"84":{"start":{"line":85,"column":0},"end":{"line":85,"column":23}},"85":{"start":{"line":86,"column":0},"end":{"line":86,"column":66}},"86":{"start":{"line":87,"column":0},"end":{"line":87,"column":66}},"87":{"start":{"line":88,"column":0},"end":{"line":88,"column":23}},"88":{"start":{"line":89,"column":0},"end":{"line":89,"column":7}},"89":{"start":{"line":90,"column":0},"end":{"line":90,"column":15}},"90":{"start":{"line":91,"column":0},"end":{"line":91,"column":28}},"91":{"start":{"line":92,"column":0},"end":{"line":92,"column":17}},"92":{"start":{"line":93,"column":0},"end":{"line":93,"column":60}},"93":{"start":{"line":94,"column":0},"end":{"line":94,"column":29}},"94":{"start":{"line":95,"column":0},"end":{"line":95,"column":30}},"95":{"start":{"line":96,"column":0},"end":{"line":96,"column":43}},"96":{"start":{"line":97,"column":0},"end":{"line":97,"column":11}},"97":{"start":{"line":98,"column":0},"end":{"line":98,"column":19}},"98":{"start":{"line":99,"column":0},"end":{"line":99,"column":19}},"99":{"start":{"line":100,"column":0},"end":{"line":100,"column":32}},"100":{"start":{"line":101,"column":0},"end":{"line":101,"column":19}},"101":{"start":{"line":102,"column":0},"end":{"line":102,"column":54}},"102":{"start":{"line":103,"column":0},"end":{"line":103,"column":31}},"103":{"start":{"line":104,"column":0},"end":{"line":104,"column":32}},"104":{"start":{"line":105,"column":0},"end":{"line":105,"column":45}},"105":{"start":{"line":106,"column":0},"end":{"line":106,"column":13}},"106":{"start":{"line":107,"column":0},"end":{"line":107,"column":49}},"107":{"start":{"line":108,"column":0},"end":{"line":108,"column":21}},"108":{"start":{"line":109,"column":0},"end":{"line":109,"column":15}},"109":{"start":{"line":110,"column":0},"end":{"line":110,"column":20}},"110":{"start":{"line":111,"column":0},"end":{"line":111,"column":64}},"111":{"start":{"line":112,"column":0},"end":{"line":112,"column":35}},"112":{"start":{"line":113,"column":0},"end":{"line":113,"column":13}},"113":{"start":{"line":114,"column":0},"end":{"line":114,"column":20}},"114":{"start":{"line":115,"column":0},"end":{"line":115,"column":23}},"115":{"start":{"line":116,"column":0},"end":{"line":116,"column":35}},"116":{"start":{"line":117,"column":0},"end":{"line":117,"column":36}},"117":{"start":{"line":118,"column":0},"end":{"line":118,"column":49}},"118":{"start":{"line":119,"column":0},"end":{"line":119,"column":26}},"119":{"start":{"line":120,"column":0},"end":{"line":120,"column":17}},"120":{"start":{"line":121,"column":0},"end":{"line":121,"column":25}},"121":{"start":{"line":122,"column":0},"end":{"line":122,"column":25}},"122":{"start":{"line":123,"column":0},"end":{"line":123,"column":21}},"123":{"start":{"line":124,
[...]
,"/Users/kasia/Springboard/Capstone_2/Capstone2/frontend/src/actions/user.jsx": {"path":"/Users/kasia/Springboard/Capstone_2/Capstone2/frontend/src/actions/user.jsx","all":false,"statementMap":{"0":{"start":{"line":1,"column":0},"end":{"line":1,"column":30}},"1":{"start":{"line":2,"column":0},"end":{"line":2,"column":0}},"2":{"start":{"line":3,"column":0},"end":{"line":3,"column":51}},"3":{"start":{"line":4,"column":0},"end":{"line":4,"column":36}},"4":{"start":{"line":5,"column":0},"end":{"line":5,"column":9}},"5":{"start":{"line":6,"column":0},"end":{"line":6,"column":63}},"6":{"start":{"line":7,"column":0},"end":{"line":7,"column":53}},"7":{"start":{"line":8,"column":0},"end":{"line":8,"column":17}},"8":{"start":{"line":9,"column":0},"end":{"line":9,"column":21}},"9":{"start":{"line":10,"column":0},"end":{"line":10,"column":5}},"10":{"start":{"line":11,"column":0},"end":{"line":11,"column":4}},"11":{"start":{"line":12,"column":0},"end":{"line":12,"column":1}},"12":{"start":{"line":13,"column":0},"end":{"line":13,"column":0}},"13":{"start":{"line":14,"column":0},"end":{"line":14,"column":30}},"14":{"start":{"line":15,"column":0},"end":{"line":15,"column":36}},"15":{"start":{"line":16,"column":0},"end":{"line":16,"column":35}},"16":{"start":{"line":17,"column":0},"end":{"line":17,"column":4}},"17":{"start":{"line":18,"column":0},"end":{"line":18,"column":1}},"18":{"start":{"line":19,"column":0},"end":{"line":19,"column":0}},"19":{"start":{"line":20,"column":0},"end":{"line":20,"column":38}},"20":{"start":{"line":21,"column":0},"end":{"line":21,"column":10}},"21":{"start":{"line":22,"column":0},"end":{"line":22,"column":23}},"22":{"start":{"line":23,"column":0},"end":{"line":23,"column":15}},"23":{"start":{"line":24,"column":0},"end":{"line":24,"column":4}},"24":{"start":{"line":25,"column":0},"end":{"line":25,"column":1}},"25":{"start":{"line":26,"column":0},"end":{"line":26,"column":0}},"26":{"start":{"line":27,"column":0},"end":{"line":27,"column":31}},"27":{"start":{"line":28,"column":0},"end":{"line":28,"column":10}},"28":{"start":{"line":29,"column":0},"end":{"line":29,"column":24}},"29":{"start":{"line":30,"column":0},"end":{"line":30,"column":13}},"30":{"start":{"line":31,"column":0},"end":{"line":31,"column":4}},"31":{"start":{"line":32,"column":0},"end":{"line":32,"column":1}}},"s":{"0":1,"1":1,"2":1,"3":0,"4":0,"5":0,"6":0,"7":0,"8":0,"9":0,"10":0,"11":0,"12":1,"13":1,"14":0,"15":0,"16":0,"17":0,"18":1,"19":1,"20":0,"21":0,"22":0,"23":0,"24":0,"25":1,"26":1,"27":0,"28":0,"29":0,"30":0,"31":0},"branchMap":{},"b":{},"fnMap":{"0":{"name":"fetchUserDetailsFromAPI","decl":{"start":{"line":3,"column":7},"end":{"line":12,"column":1}},"loc":{"start":{"line":3,"column":7},"end":{"line":12,"column":1}},"line":3},"1":{"name":"removeUser","decl":{"start":{"line":14,"column":7},"end":{"line":18,"column":1}},"loc":{"start":{"line":14,"column":7},"end":{"line":18,"column":1}},"line":14},"2":{"name":"getUserDetails","decl":{"start":{"line":20,"column":7},"end":{"line":25,"column":1}},"loc":{"start":{"line":20,"column":7},"end":{"line":25,"column":1}},"line":20},"3":{"name":"removedUser","decl":{"start":{"line":27,"column":7},"end":{"line":32,"column":1}},"loc":{"start":{"line":27,"column":7},"end":{"line":32,"column":1}},"line":27}},"f":{"0":0,"1":0,"2":0,"3":0}}
,"/Users/kasia/Springboard/Capstone_2/Capstone2/frontend/src/helpers/parksActionsHelper.jsx": {"path":"/Users/kasia/Springboard/Capstone_2/Capstone2/frontend/src/helpers/parksActionsHelper.jsx","all":false,"statementMap":{"0":{"start":{"line":1,"column":0},"end":{"line":1,"column":45}},"1":{"start":{"line":2,"column":0},"end":{"line":2,"column":22}},"2":{"start":{"line":3,"column":0},"end":{"line":3,"column":39}},"3":{"start":{"line":4,"column":0},"end":{"line":4,"column":35}},"4":{"start":{"line":5,"column":0},"end":{"line":5,"column":38}},"5":{"start":{"line":6,"column":0},"end":{"line":6,"column":35}},"6":{"start":{"line":7,"column":0},"end":{"line":7,"column":40}},"7":{"start":{"line":8,"column":0},"end":{"line":8,"column":9}},"8":{"start":{"line":9,"column":0},"end":{"line":9,"column":13}},"9":{"start":{"line":10,"column":0},"end":{"line":10,"column":40}},"10":{"start":{"line":11,"column":0},"end":{"line":11,"column":9}},"11":{"start":{"line":12,"column":0},"end":{"line":12,"column":7}},"12":{"start":{"line":13,"column":0},"end":{"line":13,"column":5}},"13":{"start":{"line":14,"column":0},"end":{"line":14,"column":37}},"14":{"start":{"line":15,"column":0},"end":{"line":15,"column":39}},"15":{"start":{"line":16,"column":0},"end":{"line":16,"column":35}},"16":{"start":{"line":17,"column":0},"end":{"line":17,"column":43}},"17":{"start":{"line":18,"column":0},"end":{"line":18,"column":9}},"18":{"start":{"line":19,"column":0},"end":{"line":19,"column":13}},"19":{"start":{"line":20,"column":0},"end":{"line":20,"column":43}},"20":{"start":{"line":21,"column":0},"end":{"line":21,"column":9}},"21":{"start":{"line":22,"column":0},"end":{"line":22,"column":7}},"22":{"start":{"line":23,"column":0},"end":{"line":23,"column":5}},"23":{"start":{"line":24,"column":0},"end":{"line":24,"column":37}},"24":{"start":{"line":25,"column":0},"end":{"line":25,"column":43}},"25":{"start":{"line":26,"column":0},"end":{"line":26,"column":35}},"26":{"start":{"line":27,"column":0},"end":{"line":27,"column":46}},"27":{"start":{"line":28,"column":0},"end":{"line":28,"column":9}},"28":{"start":{"line":29,"column":0},"end":{"line":29,"column":13}},"29":{"start":{"line":30,"column":0},"end":{"line":30,"column":46}},"30":{"start":{"line":31,"column":0},"end":{"line":31,"column":9}},"31":{"start":{"line":32,"column":0},"end":{"line":32,"column":7}},"32":{"start":{"line":33,"column":0},"end":{"line":33,"column":5}},"33":{"start":{"line":34,"column":0},"end":{"line":34,"column":3}},"34":{"start":{"line":35,"column":0},"end":{"line":35,"column":19}},"35":{"start":{"line":36,"column":0},"end":{"line":36,"column":1}}},"s":{"0":1,"1":73,"2":73,"3":73,"4":3,"5":3,"6":3,"7":3,"8":0,"9":0,"10":0,"11":3,"12":3,"13":73,"14":0,"15":0,"16":0,"17":0,"18":0,"19":0,"20":0,"21":0,"22":0,"23":73,"24":0,"25":0,"26":0,"27":0,"28":0,"29":0,"30":0,"31":0,"32":0,"33":73,"34":73,"35":73},"branchMap":{"0":{"type":"branch","line":1,"loc":{"start":{"line":1,"column":7},"end":{"line":36,"column":1}},"locations":[{"start":{"line":1,"column":7},"end":{"line":36,"column":1}}]},"1":{"type":"branch","line":4,"loc":{"start":{"line":4,"column":34},"end":{"line":13,"column":5}},"locations":[{"start":{"line":4,"column":34},"end":{"line":13,"column":5}}]},"2":{"type":"branch","line":8,"loc":{"start":{"line":8,"column":8},"end":{"line":11,"column":9}},"locations":[{"start":{"line":8,"column":8},"end":{"line":11,"column":9}}]},"3":{"type":"branch","line":14,"loc":{"start":{"line":14,"column":36},"end":{"line":23,"column":5}},"locations":[{"start":{"line":14,"column":36},"end":{"line":23,"column":5}}]},"4":{"type":"branch","line":24,"loc":{"start":{"line":24,"column":36},"end":{"line":33,"column":5}},"locations":[{"start":{"line":24,"column":36},"end":{"line":33,"column":5}}]}},"b":{"0":[73],"1":[3],"2":[0],"3":[0],"4":[0]},"fnMap":{"0":{"name":"parksActionsFilters","decl":{"start":{"line":1,"column":7},"end":{"line":36,"column":1}},"loc":{"start":{"line":1,"column":7},"end":{"line":36,"column":1}},"line":1}},"f":{"0":73}}
,"/Users/kasia/Springboard/Capstone_2/Capstone2/frontend/src/helpers/routeHelper.jsx": {"path":"/Users/kasia/Springboard/Capstone_2/Capstone2/frontend/src/helpers/routeHelper.jsx","all":false,"statementMap":{"0":{"start":{"line":1,"column":0},"end":{"line":1,"column":58}},"1":{"start":{"line":2,"column":0},"end":{"line":2,"column":34}},"2":{"start":{"line":3,"column":0},"end":{"line":3,"column":49}},"3":{"start":{"line":4,"column":0},"end":{"line":4,"column":38}},"4":{"start":{"line":5,"column":0},"end":{"line":5,"column":0}},"5":{"start":{"line":6,"column":0},"end":{"line":6,"column":16}},"6":{"start":{"line":7,"column":0},"end":{"line":7,"column":1}}},"s":{"0":1,"1":0,"2":0,"3":0,"4":0,"5":0,"6":0},"branchMap":{},"b":{},"fnMap":{"0":{"name":"routeReorder","decl":{"start":{"line":1,"column":7},"end":{"line":7,"column":1}},"loc":{"start":{"line":1,"column":7},"end":{"line":7,"column":1}},"line":1}},"f":{"0":0}}
,"/Users/kasia/Springboard/Capstone_2/Capstone2/frontend/src/hooks/useLocalStorageState.jsx": {"path":"/Users/kasia/Springboard/Capstone_2/Capstone2/frontend/src/hooks/useLocalStorageState.jsx","all":false,"statementMap":{"0":{"start":{"line":1,"column":0},"end":{"line":1,"column":51}},"1":{"start":{"line":2,"column":0},"end":{"line":2,"column":0}},"2":{"start":{"line":3,"column":0},"end":{"line":3,"column":53}},"3":{"start":{"line":4,"column":0},"end":{"line":4,"column":44}},"4":{"start":{"line":5,"column":0},"end":{"line":5,"column":67}},"5":{"start":{"line":6,"column":0},"end":{"line":6,"column":32}},"6":{"start":{"line":7,"column":0},"end":{"line":7,"column":23}},"7":{"start":{"line":8,"column":0},"end":{"line":8,"column":5}},"8":{"start":{"line":9,"column":0},"end":{"line":9,"column":17}},"9":{"start":{"line":10,"column":0},"end":{"line":10,"column":5}},"10":{"start":{"line":11,"column":0},"end":{"line":11,"column":0}},"11":{"start":{"line":12,"column":0},"end":{"line":12,"column":19}},"12":{"start":{"line":13,"column":0},"end":{"line":13,"column":44}},"13":{"start":{"line":14,"column":0},"end":{"line":14,"column":19}},"14":{"start":{"line":15,"column":0},"end":{"line":15,"column":0}},"15":{"start":{"line":16,"column":0},"end":{"line":16,"column":27}},"16":{"start":{"line":17,"column":0},"end":{"line":17,"column":2}},"17":{"start":{"line":18,"column":0},"end":{"line":18,"column":0}},"18":{"start":{"line":19,"column":0},"end":{"line":19,"column":36}}},"s":{"0":1,"1":1,"2":1,"3":78,"4":33,"5":33,"6":24,"7":24,"8":9,"9":78,"10":78,"11":78,"12":33,"13":78,"14":78,"15":78,"16":78,"17":1,"18":1},"branchMap":{"0":{"type":"branch","line":3,"loc":{"start":{"line":3,"column":29},"end":{"line":17,"column":2}},"locations":[{"start":{"line":3,"column":29},"end":{"line":17,"column":2}}]},"1":{"type":"branch","line":4,"loc":{"start":{"line":4,"column":37},"end":{"line":10,"column":3}},"locations":[{"start":{"line":4,"column":37},"end":{"line":10,"column":3}}]},"2":{"type":"branch","line":5,"loc":{"start":{"line":5,"column":49},"end":{"line":5,"column":67}},"locations":[{"start":{"line":5,"column":49},"end":{"line":5,"column":67}}]},"3":{"type":"branch","line":6,"loc":{"start":{"line":6,"column":31},"end":{"line":9,"column":17}},"locations":[{"start":{"line":6,"column":31},"end":{"line":9,"column":17}}]},"4":{"type":"branch","line":6,"loc":{"start":{"line":6,"column":31},"end":{"line":8,"column":5}},"locations":[{"start":{"line":6,"column":31},"end":{"line":8,"column":5}}]},"5":{"type":"branch","line":8,"loc":{"start":{"line":8,"column":4},"end":{"line":9,"column":17}},"locations":[{"start":{"line":8,"column":4},"end":{"line":9,"column":17}}]},"6":{"type":"branch","line":12,"loc":{"start":{"line":12,"column":12},"end":{"line":14,"column":5}},"locations":[{"start":{"line":12,"column":12},"end":{"line":14,"column":5}}]}},"b":{"0":[78],"1":[33],"2":[9],"3":[31],"4":[24],"5":[9],"6":[33]},"fnMap":{"0":{"name":"useLocalStorageState","decl":{"start":{"line":3,"column":29},"end":{"line":17,"column":2}},"loc":{"start":{"line":3,"column":29},"end":{"line":17,"column":2}},"line":3}},"f":{"0":78}}
,"/Users/kasia/Springboard/Capstone_2/Capstone2/frontend/src/reducers/filters.jsx": {"path":"/Users/kasia/Springboard/Capstone_2/Capstone2/frontend/src/reducers/filters.jsx","all":false,"statementMap":{"0":{"start":{"line":1,"column":0},"end":{"line":1,"column":57}},"1":{"start":{"line":2,"column":0},"end":{"line":2,"column":26}},"2":{"start":{"line":3,"column":0},"end":{"line":3,"column":27}},"3":{"start":{"line":4,"column":0},"end":{"line":4,"column":30}},"4":{"start":{"line":5,"column":0},"end":{"line":5,"column":0}},"5":{"start":{"line":6,"column":0},"end":{"line":6,"column":0}},"6":{"start":{"line":7,"column":0},"end":{"line":7,"column":0}},"7":{"start":{"line":8,"column":0},"end":{"line":8,"column":16}},"8":{"start":{"line":9,"column":0},"end":{"line":9,"column":25}},"9":{"start":{"line":10,"column":0},"end":{"line":10,"column":9}},"10":{"start":{"line":11,"column":0},"end":{"line":11,"column":7}}},"s":{"0":251,"1":251,"2":251,"3":72,"4":251,"5":251,"6":251,"7":251,"8":179,"9":251,"10":251},"branchMap":{"0":{"type":"branch","line":1,"loc":{"start":{"line":1,"column":0},"end":{"line":11,"column":7}},"locations":[{"start":{"line":1,"column":0},"end":{"line":11,"column":7}}]},"1":{"type":"branch","line":3,"loc":{"start":{"line":3,"column":6},"end":{"line":4,"column":30}},"locations":[{"start":{"line":3,"column":6},"end":{"line":4,"column":30}}]},"2":{"type":"branch","line":8,"loc":{"start":{"line":8,"column":8},"end":{"line":9,"column":25}},"locations":[{"start":{"line":8,"column":8},"end":{"line":9,"column":25}}]}},"b":{"0":[251],"1":[72],"2":[179]},"fnMap":{"0":{"name":"rootReducer","decl":{"start":{"line":1,"column":0},"end":{"line":11,"column":7}},"loc":{"start":{"line":1,"column":0},"end":{"line":11,"column":7}},"line":1}},"f":{"0":251}}
,"/Users/kasia/Springboard/Capstone_2/Capstone2/frontend/src/reducers/parks.jsx": {"path":"/Users/kasia/Springboard/Capstone_2/Capstone2/frontend/src/reducers/parks.jsx","all":false,"statementMap":{"0":{"start":{"line":1,"column":0},"end":{"line":1,"column":57}},"1":{"start":{"line":2,"column":0},"end":{"line":2,"column":24}},"2":{"start":{"line":3,"column":0},"end":{"line":3,"column":23}},"3":{"start":{"line":4,"column":0},"end":{"line":4,"column":31}},"4":{"start":{"line":5,"column":0},"end":{"line":5,"column":0}},"5":{"start":{"line":6,"column":0},"end":{"line":6,"column":12}},"6":{"start":{"line":7,"column":0},"end":{"line":7,"column":19}},"7":{"start":{"line":8,"column":0},"end":{"line":8,"column":3}},"8":{"start":{"line":9,"column":0},"end":{"line":9,"column":1}}},"s":{"0":251,"1":251,"2":251,"3":87,"4":251,"5":251,"6":164,"7":251,"8":251},"branchMap":{"0":{"type":"branch","line":1,"loc":{"start":{"line":1,"column":0},"end":{"line":9,"column":1}},"locations":[{"start":{"line":1,"column":0},"end":{"line":9,"column":1}}]},"1":{"type":"branch","line":3,"loc":{"start":{"line":3,"column":4},"end":{"line":4,"column":31}},"locations":[{"start":{"line":3,"column":4},"end":{"line":4,"column":31}}]},"2":{"type":"branch","line":6,"loc":{"start":{"line":6,"column":4},"end":{"line":7,"column":19}},"locations":[{"start":{"line":6,"column":4},"end":{"line":7,"column":19}}]}},"b":{"0":[251],"1":[87],"2":[164]},"fnMap":{"0":{"name":"rootReducer","decl":{"start":{"line":1,"column":0},"end":{"line":9,"column":1}},"loc":{"start":{"line":1,"column":0},"end":{"line":9,"column":1}},"line":1}},"f":{"0":251}}
,"/Users/kasia/Springboard/Capstone_2/Capstone2/frontend/src/reducers/root.jsx": {"path":"/Users/kasia/Springboard/Capstone_2/Capstone2/frontend/src/reducers/root.jsx","all":false,"statementMap":{"0":{"start":{"line":1,"column":0},"end":{"line":1,"column":28}},"1":{"start":{"line":2,"column":0},"end":{"line":2,"column":32}},"2":{"start":{"line":3,"column":0},"end":{"line":3,"column":26}},"3":{"start":{"line":4,"column":0},"end":{"line":4,"column":30}},"4":{"start":{"line":5,"column":0},"end":{"line":5,"column":40}},"5":{"start":{"line":6,"column":0},"end":{"line":6,"column":0}},"6":{"start":{"line":7,"column":0},"end":{"line":7,"column":32}},"7":{"start":{"line":8,"column":0},"end":{"line":8,"column":8}},"8":{"start":{"line":9,"column":0},"end":{"line":9,"column":10}},"9":{"start":{"line":10,"column":0},"end":{"line":10,"column":7}},"10":{"start":{"line":11,"column":0},"end":{"line":11,"column":9}},"11":{"start":{"line":12,"column":0},"end":{"line":12,"column":3}}},"s":{"0":1,"1":1,"2":1,"3":1,"4":1,"5":1,"6":1,"7":1,"8":1,"9":1,"10":1,"11":1},"branchMap":{},"b":{},"fnMap":{},"f":{}}
,"/Users/kasia/Springboard/Capstone_2/Capstone2/frontend/src/reducers/routes.jsx": {"path":"/Users/kasia/Springboard/Capstone_2/Capstone2/frontend/src/reducers/routes.jsx","all":false,"statementMap":{"0":{"start":{"line":1,"column":0},"end":{"line":1,"column":57}},"1":{"start":{"line":2,"column":0},"end":{"line":2,"column":24}},"2":{"start":{"line":3,"column":0},"end":{"line":3,"column":24}},"3":{"start":{"line":4,"column":0},"end":{"line":4,"column":32}},"4":{"start":{"line":5,"column":0},"end":{"line":5,"column":0}},"5":{"start":{"line":6,"column":0},"end":{"line":6,"column":12}},"6":{"start":{"line":7,"column":0},"end":{"line":7,"column":19}},"7":{"start":{"line":8,"column":0},"end":{"line":8,"column":3}},"8":{"start":{"line":9,"column":0},"end":{"line":9,"column":1}}},"s":{"0":251,"1":251,"2":251,"3":19,"4":251,"5":251,"6":232,"7":251,"8":251},"branchMap":{"0":{"type":"branch","line":1,"loc":{"start":{"line":1,"column":0},"end":{"line":9,"column":1}},"locations":[{"start":{"line":1,"column":0},"end":{"line":9,"column":1}}]},"1":{"type":"branch","line":3,"loc":{"start":{"line":3,"column":4},"end":{"line":4,"column":32}},"locations":[{"start":{"line":3,"column":4},"end":{"line":4,"column":32}}]},"2":{"type":"branch","line":6,"loc":{"start":{"line":6,"column":4},"end":{"line":7,"column":19}},"locations":[{"start":{"line":6,"column":4},"end":{"line":7,"column":19}}]}},"b":{"0":[251],"1":[19],"2":[232]},"fnMap":{"0":{"name":"rootReducer","decl":{"start":{"line":1,"column":0},"end":{"line":9,"column":1}},"loc":{"start":{"line":1,"column":0},"end":{"line":9,"column":1}},"line":1}},"f":{"0":251}}
,"/Users/kasia/Springboard/Capstone_2/Capstone2/frontend/src/reducers/user.jsx": {"path":"/Users/kasia/Springboard/Capstone_2/Capstone2/frontend/src/reducers/user.jsx","all":false,"statementMap":{"0":{"start":{"line":1,"column":0},"end":{"line":1,"column":0}},"1":{"start":{"line":2,"column":0},"end":{"line":2,"column":57}},"2":{"start":{"line":3,"column":0},"end":{"line":3,"column":26}},"3":{"start":{"line":4,"column":0},"end":{"line":4,"column":24}},"4":{"start":{"line":5,"column":0},"end":{"line":5,"column":27}},"5":{"start":{"line":6,"column":0},"end":{"line":6,"column":0}},"6":{"start":{"line":7,"column":0},"end":{"line":7,"column":25}},"7":{"start":{"line":8,"column":0},"end":{"line":8,"column":27}},"8":{"start":{"line":9,"column":0},"end":{"line":9,"column":4}},"9":{"start":{"line":10,"column":0},"end":{"line":10,"column":14}},"10":{"start":{"line":11,"column":0},"end":{"line":11,"column":21}},"11":{"start":{"line":12,"column":0},"end":{"line":12,"column":5}},"12":{"start":{"line":13,"column":0},"end":{"line":13,"column":3}}},"s":{"0":1,"1":251,"2":251,"3":251,"4":13,"5":251,"6":251,"7":0,"8":251,"9":251,"10":238,"11":251,"12":251},"branchMap":{"0":{"type":"branch","line":2,"loc":{"start":{"line":2,"column":0},"end":{"line":13,"column":3}},"locations":[{"start":{"line":2,"column":0},"end":{"line":13,"column":3}}]},"1":{"type":"branch","line":4,"loc":{"start":{"line":4,"column":6},"end":{"line":5,"column":27}},"locations":[{"start":{"line":4,"column":6},"end":{"line":5,"column":27}}]},"2":{"type":"branch","line":7,"loc":{"start":{"line":7,"column":6},"end":{"line":8,"column":27}},"locations":[{"start":{"line":7,"column":6},"end":{"line":8,"column":27}}]},"3":{"type":"branch","line":10,"loc":{"start":{"line":10,"column":6},"end":{"line":11,"column":21}},"locations":[{"start":{"line":10,"column":6},"end":{"line":11,"column":21}}]}},"b":{"0":[251],"1":[13],"2":[0],"3":[238]},"fnMap":{"0":{"name":"rootReducer","decl":{"start":{"line":2,"column":0},"end":{"line":13,"column":3}},"loc":{"start":{"line":2,"column":0},"end":{"line":13,"column":3}},"line":2}},"f":{"0":251}}
}
